{"logTime": "0521/172205", "correlationVector":"k4OwYD8ebW3WSZJq8RhXgG.25","action":"GetUpdates", "result":"DeleteReceived", "context":{"id":"273216bf-d065-4738-8c0b-2007cf156230", "isDeleted:":"true", "version":"1679595653323"}}
{"logTime": "0521/172205", "correlationVector":"k4OwYD8ebW3WSZJq8RhXgG.26","action":"GetUpdates", "result":"DeleteReceived", "context":{"id":"205e137f-251d-4993-8a2c-d8f24eaa1435", "isDeleted:":"true", "version":"1679595653324"}}
{"logTime": "0521/172205", "correlationVector":"k4OwYD8ebW3WSZJq8RhXgG.27","action":"GetUpdates", "result":"DeleteReceived", "context":{"id":"218e244a-9dc5-4cc1-8f89-dc6b0a5b4270", "isDeleted:":"true", "version":"1679595653325"}}
{"logTime": "0521/172205", "correlationVector":"k4OwYD8ebW3WSZJq8RhXgG.28","action":"GetUpdates", "result":"DeleteReceived", "context":{"id":"63d287c1-b8a9-4011-b61e-797b936f6c32", "isDeleted:":"true", "version":"1679595653326"}}
{"logTime": "0521/172205", "correlationVector":"k4OwYD8ebW3WSZJq8RhXgG.29","action":"GetUpdates", "result":"DeleteReceived", "context":{"id":"b80c7f3f-c90a-47e7-839c-6e749b682b0b", "isDeleted:":"true", "version":"1679595653327"}}
{"logTime": "0521/172205", "correlationVector":"k4OwYD8ebW3WSZJq8RhXgG.30","action":"GetUpdates", "result":"DeleteReceived", "context":{"id":"4f925377-d205-4e9c-adcb-1c50beda5964", "isDeleted:":"true", "version":"1679595653329"}}
{"logTime": "0521/172205", "correlationVector":"k4OwYD8ebW3WSZJq8RhXgG.31","action":"GetUpdates", "result":"DeleteReceived", "context":{"id":"d63dc4c4-3e57-4d62-97cb-a6c34de38ffe", "isDeleted:":"true", "version":"1679595653330"}}
{"logTime": "0521/172205", "correlationVector":"k4OwYD8ebW3WSZJq8RhXgG.32","action":"GetUpdates", "result":"DeleteReceived", "context":{"id":"365a8805-edd4-4b8d-938c-694fa2e75507", "isDeleted:":"true", "version":"1679595653332"}}
{"logTime": "0521/172205", "correlationVector":"k4OwYD8ebW3WSZJq8RhXgG.33","action":"GetUpdates", "result":"DeleteReceived", "context":{"id":"7e52e466-7f20-4cf7-b6fa-93fd98a06505", "isDeleted:":"true", "version":"1679595653333"}}
{"logTime": "0521/172205", "correlationVector":"k4OwYD8ebW3WSZJq8RhXgG.34","action":"GetUpdates", "result":"DeleteReceived", "context":{"id":"9217015f-e0a8-4a85-afcc-bd1a8ed263a3", "isDeleted:":"true", "version":"1679596630462"}}
{"logTime": "0521/172205", "correlationVector":"k4OwYD8ebW3WSZJq8RhXgG.35","action":"GetUpdates", "result":"DeleteReceived", "context":{"id":"c676c6c9-e094-4003-a2bf-f837a9e0ce03", "isDeleted:":"true", "version":"1679638884832"}}
{"logTime": "0521/172205", "correlationVector":"k4OwYD8ebW3WSZJq8RhXgG.36","action":"GetUpdates", "result":"DeleteReceived", "context":{"id":"cb293967-a2a0-407e-83bc-0992050cf00d", "isDeleted:":"true", "version":"1679640024102"}}
{"logTime": "0521/172205", "correlationVector":"k4OwYD8ebW3WSZJq8RhXgG.37","action":"GetUpdates", "result":"DeleteReceived", "context":{"id":"4cd09144-8fda-4086-abc1-e9c8a0687cbc", "isDeleted:":"true", "version":"1679641903534"}}
{"logTime": "0521/172205", "correlationVector":"k4OwYD8ebW3WSZJq8RhXgG.38","action":"GetUpdates", "result":"DeleteReceived", "context":{"id":"048ec2e4-0691-4540-95dd-9f10db455019", "isDeleted:":"true", "version":"1679645696059"}}
{"logTime": "0521/172205", "correlationVector":"k4OwYD8ebW3WSZJq8RhXgG.39","action":"GetUpdates", "result":"DeleteReceived", "context":{"id":"838ecb60-ee91-4693-950d-1ff86634dbb4", "isDeleted:":"true", "version":"1679647356183"}}
{"logTime": "0521/172205", "correlationVector":"k4OwYD8ebW3WSZJq8RhXgG.40","action":"GetUpdates", "result":"DeleteReceived", "context":{"id":"ff927fe4-ebd1-493b-b533-d373e97127a2", "isDeleted:":"true", "version":"1679647470068"}}
{"logTime": "0521/172205", "correlationVector":"k4OwYD8ebW3WSZJq8RhXgG.41","action":"GetUpdates", "result":"DeleteReceived", "context":{"id":"97017985-27b9-42de-bae3-e499fdd532ba", "isDeleted:":"true", "version":"1679666897046"}}
{"logTime": "0521/172205", "correlationVector":"k4OwYD8ebW3WSZJq8RhXgG.42","action":"GetUpdates", "result":"DeleteReceived", "context":{"id":"c7ee472e-f185-46f4-9f8d-08eac41b9c8d", "isDeleted:":"true", "version":"1679666897047"}}
{"logTime": "0521/172205", "correlationVector":"k4OwYD8ebW3WSZJq8RhXgG.43","action":"GetUpdates", "result":"DeleteReceived", "context":{"id":"23bbaf86-d726-467e-a3ec-0cf44555314a", "isDeleted:":"true", "version":"1679683021192"}}
{"logTime": "0521/172205", "correlationVector":"k4OwYD8ebW3WSZJq8RhXgG.44","action":"GetUpdates", "result":"DeleteReceived", "context":{"id":"7fa5e279-ad40-4681-a915-c3250062af7c", "isDeleted:":"true", "version":"1679683290497"}}
{"logTime": "0521/172205", "correlationVector":"k4OwYD8ebW3WSZJq8RhXgG.45","action":"GetUpdates", "result":"DeleteReceived", "context":{"id":"7ee75db0-f050-4d89-a91f-7ce78db48685", "isDeleted:":"true", "version":"1679683290498"}}
{"logTime": "0521/172205", "correlationVector":"k4OwYD8ebW3WSZJq8RhXgG.46","action":"GetUpdates", "result":"DeleteReceived", "context":{"id":"51da364a-c6dd-404e-ab3b-6d5fc2235584", "isDeleted:":"true", "version":"1679683290500"}}
{"logTime": "0521/172205", "correlationVector":"k4OwYD8ebW3WSZJq8RhXgG.47","action":"GetUpdates", "result":"DeleteReceived", "context":{"id":"d7258f61-f9ff-4a06-8f9c-1a57d2a61f21", "isDeleted:":"true", "version":"1679683290501"}}
{"logTime": "0521/172205", "correlationVector":"k4OwYD8ebW3WSZJq8RhXgG.48","action":"GetUpdates", "result":"DeleteReceived", "context":{"id":"96711b91-2381-4805-b7f1-48408ab98c05", "isDeleted:":"true", "version":"1679683290504"}}
{"logTime": "0521/172205", "correlationVector":"k4OwYD8ebW3WSZJq8RhXgG.49","action":"GetUpdates", "result":"DeleteReceived", "context":{"id":"1a8fc9d5-8ffb-48b1-af4e-7f41b5e105ec", "isDeleted:":"true", "version":"1679683290505"}}
{"logTime": "0521/172205", "correlationVector":"k4OwYD8ebW3WSZJq8RhXgG.50","action":"GetUpdates", "result":"DeleteReceived", "context":{"id":"6e1fdbae-bf3d-44ac-abc2-9a5ffa77dfc1", "isDeleted:":"true", "version":"1679683290506"}}
{"logTime": "0521/172205", "correlationVector":"k4OwYD8ebW3WSZJq8RhXgG.51","action":"GetUpdates", "result":"DeleteReceived", "context":{"id":"fa393e29-7bc7-4ae8-8b43-18e3edea3e48", "isDeleted:":"true", "version":"1679683290507"}}
{"logTime": "0521/172205", "correlationVector":"k4OwYD8ebW3WSZJq8RhXgG.52","action":"GetUpdates", "result":"DeleteReceived", "context":{"id":"1c7e2cc6-9ad8-43c6-96b1-b8ec457d20c4", "isDeleted:":"true", "version":"1679683290508"}}
{"logTime": "0521/172205", "correlationVector":"k4OwYD8ebW3WSZJq8RhXgG.53","action":"GetUpdates", "result":"DeleteReceived", "context":{"id":"63dc00d1-d707-4210-b052-43763d011a3a", "isDeleted:":"true", "version":"1679683290509"}}
{"logTime": "0521/172205", "correlationVector":"k4OwYD8ebW3WSZJq8RhXgG.54","action":"GetUpdates", "result":"DeleteReceived", "context":{"id":"ebc7846e-7093-4ba8-9253-31b32aa3ff21", "isDeleted:":"true", "version":"1679683290510"}}
{"logTime": "0521/172205", "correlationVector":"k4OwYD8ebW3WSZJq8RhXgG.55","action":"GetUpdates", "result":"DeleteReceived", "context":{"id":"2fb1182a-3100-4ca0-8a0b-e7f7ceb4d347", "isDeleted:":"true", "version":"1679683290512"}}
{"logTime": "0521/172205", "correlationVector":"k4OwYD8ebW3WSZJq8RhXgG.56","action":"GetUpdates", "result":"DeleteReceived", "context":{"id":"9eba1969-7a5e-449c-8a0f-387053126408", "isDeleted:":"true", "version":"1679683290514"}}
{"logTime": "0521/172205", "correlationVector":"k4OwYD8ebW3WSZJq8RhXgG.57","action":"GetUpdates", "result":"DeleteReceived", "context":{"id":"ba6731bf-5630-42c5-83aa-afc0269d26c4", "isDeleted:":"true", "version":"1679683290515"}}
{"logTime": "0521/172205", "correlationVector":"k4OwYD8ebW3WSZJq8RhXgG.58","action":"GetUpdates", "result":"DeleteReceived", "context":{"id":"5b9d3835-6ef6-4ad9-a168-99952b4b13b7", "isDeleted:":"true", "version":"1679683290516"}}
{"logTime": "0521/172205", "correlationVector":"k4OwYD8ebW3WSZJq8RhXgG.59","action":"GetUpdates", "result":"DeleteReceived", "context":{"id":"cafb8662-0ca9-4988-98e9-57ca21485f2e", "isDeleted:":"true", "version":"1679683291813"}}
{"logTime": "0521/172205", "correlationVector":"k4OwYD8ebW3WSZJq8RhXgG.60","action":"GetUpdates", "result":"DeleteReceived", "context":{"id":"a985b7e3-d702-468f-ba16-856efe4054e6", "isDeleted:":"true", "version":"1679683291814"}}
{"logTime": "0521/172205", "correlationVector":"k4OwYD8ebW3WSZJq8RhXgG.61","action":"GetUpdates", "result":"DeleteReceived", "context":{"id":"28a643e2-516d-44b0-941b-168522212c07", "isDeleted:":"true", "version":"1679683291815"}}
{"logTime": "0521/172205", "correlationVector":"k4OwYD8ebW3WSZJq8RhXgG.62","action":"GetUpdates", "result":"DeleteReceived", "context":{"id":"88b97309-55a9-4b1e-b02c-5d3cd7ccb34e", "isDeleted:":"true", "version":"1679683291816"}}
{"logTime": "0521/172205", "correlationVector":"k4OwYD8ebW3WSZJq8RhXgG.63","action":"GetUpdates", "result":"DeleteReceived", "context":{"id":"6fe8c420-eaa5-4bd2-a37d-ff40957d8ebf", "isDeleted:":"true", "version":"1679683291817"}}
{"logTime": "0521/172205", "correlationVector":"k4OwYD8ebW3WSZJq8RhXgG.64","action":"GetUpdates", "result":"DeleteReceived", "context":{"id":"1c63fc33-d76b-4d13-b20e-717d12ccdd25", "isDeleted:":"true", "version":"1679683291818"}}
{"logTime": "0521/172205", "correlationVector":"k4OwYD8ebW3WSZJq8RhXgG.65","action":"GetUpdates", "result":"DeleteReceived", "context":{"id":"0bda76e2-be2e-4c82-9015-a6a42ca55a06", "isDeleted:":"true", "version":"1679683291820"}}
{"logTime": "0521/172205", "correlationVector":"k4OwYD8ebW3WSZJq8RhXgG.66","action":"GetUpdates", "result":"DeleteReceived", "context":{"id":"b183d2c1-5228-441b-83bd-5287bb6484b0", "isDeleted:":"true", "version":"1679683291821"}}
{"logTime": "0521/172205", "correlationVector":"k4OwYD8ebW3WSZJq8RhXgG.67","action":"GetUpdates", "result":"DeleteReceived", "context":{"id":"86450e4f-d64a-476f-bb33-95977a07cd89", "isDeleted:":"true", "version":"1679683291822"}}
{"logTime": "0521/172205", "correlationVector":"k4OwYD8ebW3WSZJq8RhXgG.68","action":"GetUpdates", "result":"DeleteReceived", "context":{"id":"cbe95197-443d-4efb-8c7d-5e24e0b4355e", "isDeleted:":"true", "version":"1679683291824"}}
{"logTime": "0521/172205", "correlationVector":"k4OwYD8ebW3WSZJq8RhXgG.69","action":"GetUpdates", "result":"DeleteReceived", "context":{"id":"070bb1c7-aae5-4c0c-9703-18edac02b5fe", "isDeleted:":"true", "version":"1679683291825"}}
{"logTime": "0521/172205", "correlationVector":"k4OwYD8ebW3WSZJq8RhXgG.70","action":"GetUpdates", "result":"DeleteReceived", "context":{"id":"8477ff22-0e64-4dbd-88fc-e051d400e162", "isDeleted:":"true", "version":"1679683291826"}}
{"logTime": "0521/172205", "correlationVector":"k4OwYD8ebW3WSZJq8RhXgG.71","action":"GetUpdates", "result":"DeleteReceived", "context":{"id":"46e6fc7b-7fcd-4dc9-b245-4dfa529427c1", "isDeleted:":"true", "version":"1679683291827"}}
{"logTime": "0521/172205", "correlationVector":"k4OwYD8ebW3WSZJq8RhXgG.72","action":"GetUpdates", "result":"DeleteReceived", "context":{"id":"cb766d09-3d14-499d-8bfc-69b4d0ce9372", "isDeleted:":"true", "version":"1679683291828"}}
{"logTime": "0521/172205", "correlationVector":"k4OwYD8ebW3WSZJq8RhXgG.73","action":"GetUpdates", "result":"DeleteReceived", "context":{"id":"851ed74b-e69a-4be9-bfc8-e4cfc8099557", "isDeleted:":"true", "version":"1679683323088"}}
{"logTime": "0521/172205", "correlationVector":"k4OwYD8ebW3WSZJq8RhXgG.74","action":"GetUpdates", "result":"DeleteReceived", "context":{"id":"b399bcf5-375e-41d8-9ba5-8f3abacf3a6d", "isDeleted:":"true", "version":"1679683323089"}}
{"logTime": "0521/172205", "correlationVector":"k4OwYD8ebW3WSZJq8RhXgG.75","action":"GetUpdates", "result":"DeleteReceived", "context":{"id":"091141e7-29b8-43ee-87b6-359acb949f0d", "isDeleted:":"true", "version":"1679683325761"}}
{"logTime": "0521/172205", "correlationVector":"k4OwYD8ebW3WSZJq8RhXgG.76","action":"GetUpdates", "result":"DeleteReceived", "context":{"id":"52ef4b29-2d18-40d5-83d3-a8364098f935", "isDeleted:":"true", "version":"1679683325763"}}
{"logTime": "0521/172205", "correlationVector":"k4OwYD8ebW3WSZJq8RhXgG.77","action":"GetUpdates", "result":"DeleteReceived", "context":{"id":"300c490d-be72-43cf-813f-b65e4d1cc0ba", "isDeleted:":"true", "version":"1679683325764"}}
{"logTime": "0521/172205", "correlationVector":"k4OwYD8ebW3WSZJq8RhXgG.78","action":"GetUpdates", "result":"DeleteReceived", "context":{"id":"23c8a1ed-37b9-45d1-a3c3-dc28027a0585", "isDeleted:":"true", "version":"1679683325768"}}
{"logTime": "0521/172205", "correlationVector":"k4OwYD8ebW3WSZJq8RhXgG.79","action":"GetUpdates", "result":"DeleteReceived", "context":{"id":"133d57f1-2bde-4443-9435-92eab2d582fd", "isDeleted:":"true", "version":"1679683356605"}}
{"logTime": "0521/172205", "correlationVector":"k4OwYD8ebW3WSZJq8RhXgG.80","action":"GetUpdates", "result":"DeleteReceived", "context":{"id":"f6fe7021-e80a-4352-b36d-a0044dd45bc3", "isDeleted:":"true", "version":"1679687193600"}}
{"logTime": "0521/172205", "correlationVector":"k4OwYD8ebW3WSZJq8RhXgG.81","action":"GetUpdates", "result":"DeleteReceived", "context":{"id":"f3c335bd-c89c-4741-8fe8-098c5c28609f", "isDeleted:":"true", "version":"1679688154988"}}
{"logTime": "0521/172205", "correlationVector":"k4OwYD8ebW3WSZJq8RhXgG.82","action":"GetUpdates", "result":"DeleteReceived", "context":{"id":"37afa82b-a48a-4842-937e-b70eb49c4d3a", "isDeleted:":"true", "version":"1679688212128"}}
{"logTime": "0521/172205", "correlationVector":"k4OwYD8ebW3WSZJq8RhXgG.83","action":"GetUpdates", "result":"DeleteReceived", "context":{"id":"4451b12d-215c-4395-b92d-741fbbae8a45", "isDeleted:":"true", "version":"1679688212129"}}
{"logTime": "0521/172205", "correlationVector":"k4OwYD8ebW3WSZJq8RhXgG.84","action":"GetUpdates", "result":"DeleteReceived", "context":{"id":"158683a1-f273-40af-a3ef-7a61fbf0834a", "isDeleted:":"true", "version":"1679689706298"}}
{"logTime": "0521/172205", "correlationVector":"k4OwYD8ebW3WSZJq8RhXgG.85","action":"GetUpdates", "result":"DeleteReceived", "context":{"id":"ed24712d-ab15-42a5-96d5-95c4aebea7be", "isDeleted:":"true", "version":"1679720685285"}}
{"logTime": "0521/172205", "correlationVector":"k4OwYD8ebW3WSZJq8RhXgG.86","action":"GetUpdates", "result":"DeleteReceived", "context":{"id":"67155c54-1e28-4000-851a-fa52fc3b43b1", "isDeleted:":"true", "version":"1679720685286"}}
{"logTime": "0521/172205", "correlationVector":"k4OwYD8ebW3WSZJq8RhXgG.87","action":"GetUpdates", "result":"DeleteReceived", "context":{"id":"b42d0464-e64e-41aa-afe8-89cf51247348", "isDeleted:":"true", "version":"1679720685288"}}
{"logTime": "0521/172205", "correlationVector":"k4OwYD8ebW3WSZJq8RhXgG.88","action":"GetUpdates", "result":"DeleteReceived", "context":{"id":"c56294d2-612b-47e0-b449-d83d4638ba24", "isDeleted:":"true", "version":"1679720685291"}}
{"logTime": "0521/172205", "correlationVector":"k4OwYD8ebW3WSZJq8RhXgG.89","action":"GetUpdates", "result":"DeleteReceived", "context":{"id":"202c0d35-3d1b-47b1-ac94-c756e3393ba9", "isDeleted:":"true", "version":"1679720685292"}}
{"logTime": "0521/172205", "correlationVector":"k4OwYD8ebW3WSZJq8RhXgG.90","action":"GetUpdates", "result":"DeleteReceived", "context":{"id":"1fa0c4fc-0e95-409d-9a81-7c6da7c95312", "isDeleted:":"true", "version":"1679720685293"}}
{"logTime": "0521/172205", "correlationVector":"k4OwYD8ebW3WSZJq8RhXgG.91","action":"GetUpdates", "result":"DeleteReceived", "context":{"id":"2818b093-ba98-4313-98e9-e83e56f3162d", "isDeleted:":"true", "version":"1679720685294"}}
{"logTime": "0521/172205", "correlationVector":"k4OwYD8ebW3WSZJq8RhXgG.92","action":"GetUpdates", "result":"DeleteReceived", "context":{"id":"9eebbf9b-3df2-470d-ad9f-112db1a16602", "isDeleted:":"true", "version":"1679720685295"}}
{"logTime": "0521/172205", "correlationVector":"k4OwYD8ebW3WSZJq8RhXgG.93","action":"GetUpdates", "result":"DeleteReceived", "context":{"id":"d1c81759-c0af-43e5-aba1-ac035df0e58c", "isDeleted:":"true", "version":"1679720685296"}}
{"logTime": "0521/172205", "correlationVector":"k4OwYD8ebW3WSZJq8RhXgG.94","action":"GetUpdates", "result":"DeleteReceived", "context":{"id":"86fc2652-e6f2-49ad-8c34-0e001371663d", "isDeleted:":"true", "version":"1679720685297"}}
{"logTime": "0521/172205", "correlationVector":"k4OwYD8ebW3WSZJq8RhXgG.95","action":"GetUpdates", "result":"DeleteReceived", "context":{"id":"4fa0cf66-a428-4318-b77b-f6632ded0ba1", "isDeleted:":"true", "version":"1679720685299"}}
{"logTime": "0521/172205", "correlationVector":"k4OwYD8ebW3WSZJq8RhXgG.96","action":"GetUpdates", "result":"DeleteReceived", "context":{"id":"be14a0d4-6693-49d7-a3ec-28f20379df6f", "isDeleted:":"true", "version":"1679720685301"}}
{"logTime": "0521/172205", "correlationVector":"k4OwYD8ebW3WSZJq8RhXgG.97","action":"GetUpdates", "result":"DeleteReceived", "context":{"id":"3d78f7c5-454a-4341-8168-9159119d2771", "isDeleted:":"true", "version":"1679720685302"}}
{"logTime": "0521/172205", "correlationVector":"k4OwYD8ebW3WSZJq8RhXgG.98","action":"GetUpdates", "result":"DeleteReceived", "context":{"id":"5ac4c4f5-1951-4359-b598-37bed2ad76a8", "isDeleted:":"true", "version":"1679720685303"}}
{"logTime": "0521/172205", "correlationVector":"k4OwYD8ebW3WSZJq8RhXgG.99","action":"GetUpdates", "result":"DeleteReceived", "context":{"id":"98da9bff-33b4-4574-b94a-f3c4c4615548", "isDeleted:":"true", "version":"1679720685304"}}
{"logTime": "0521/172205", "correlationVector":"k4OwYD8ebW3WSZJq8RhXgG.100","action":"GetUpdates", "result":"DeleteReceived", "context":{"id":"991a2869-aeeb-46c5-8187-4addbba34632", "isDeleted:":"true", "version":"1679720686614"}}
{"logTime": "0521/172205", "correlationVector":"k4OwYD8ebW3WSZJq8RhXgG.101","action":"GetUpdates", "result":"DeleteReceived", "context":{"id":"20266795-1413-4647-a773-bd1a9bd9be07", "isDeleted:":"true", "version":"1679720686615"}}
{"logTime": "0521/172205", "correlationVector":"k4OwYD8ebW3WSZJq8RhXgG.102","action":"GetUpdates", "result":"DeleteReceived", "context":{"id":"71bc6f77-1488-4e50-90c2-1f6769e28700", "isDeleted:":"true", "version":"1679720686616"}}
{"logTime": "0521/172205", "correlationVector":"k4OwYD8ebW3WSZJq8RhXgG.103","action":"GetUpdates", "result":"DeleteReceived", "context":{"id":"7833fc8b-cc9d-46e2-8fb8-e2044b74099b", "isDeleted:":"true", "version":"1679720686617"}}
{"logTime": "0521/172205", "correlationVector":"k4OwYD8ebW3WSZJq8RhXgG.104","action":"GetUpdates", "result":"DeleteReceived", "context":{"id":"b6469650-c274-49d2-8c8f-2781cbab5c2e", "isDeleted:":"true", "version":"1679720686618"}}
{"logTime": "0521/172205", "correlationVector":"k4OwYD8ebW3WSZJq8RhXgG.105","action":"GetUpdates", "result":"DeleteReceived", "context":{"id":"c4051205-55da-4398-a550-1a45b6027e76", "isDeleted:":"true", "version":"1679720686619"}}
{"logTime": "0521/172205", "correlationVector":"k4OwYD8ebW3WSZJq8RhXgG.106","action":"GetUpdates", "result":"DeleteReceived", "context":{"id":"01c2f59a-dfd3-45b2-be3a-3ff5627abc6b", "isDeleted:":"true", "version":"1679720686620"}}
{"logTime": "0521/172205", "correlationVector":"k4OwYD8ebW3WSZJq8RhXgG.107","action":"GetUpdates", "result":"DeleteReceived", "context":{"id":"2ff38217-d73b-4df7-8a32-d39ad7c04ff8", "isDeleted:":"true", "version":"1679720686621"}}
{"logTime": "0521/172205", "correlationVector":"k4OwYD8ebW3WSZJq8RhXgG.108","action":"GetUpdates", "result":"DeleteReceived", "context":{"id":"b7985618-c9d2-4a7b-8a7c-f007c27c2620", "isDeleted:":"true", "version":"1679720686622"}}
{"logTime": "0521/172205", "correlationVector":"k4OwYD8ebW3WSZJq8RhXgG.109","action":"GetUpdates", "result":"DeleteReceived", "context":{"id":"9005b0de-41a9-4237-bf61-cc3461e7bdbb", "isDeleted:":"true", "version":"1679720686623"}}
{"logTime": "0521/172205", "correlationVector":"k4OwYD8ebW3WSZJq8RhXgG.110","action":"GetUpdates", "result":"DeleteReceived", "context":{"id":"453b2470-1429-488e-ba79-b1c1190d138d", "isDeleted:":"true", "version":"1679720686625"}}
{"logTime": "0521/172205", "correlationVector":"k4OwYD8ebW3WSZJq8RhXgG.111","action":"GetUpdates", "result":"DeleteReceived", "context":{"id":"5b0b7339-ca61-468c-a47c-504ee34c02aa", "isDeleted:":"true", "version":"1679720686626"}}
{"logTime": "0521/172205", "correlationVector":"k4OwYD8ebW3WSZJq8RhXgG.112","action":"GetUpdates", "result":"DeleteReceived", "context":{"id":"65b81eea-433e-479e-af7e-5a50a3cd280b", "isDeleted:":"true", "version":"1679720686627"}}
{"logTime": "0521/172205", "correlationVector":"k4OwYD8ebW3WSZJq8RhXgG.113","action":"GetUpdates", "result":"DeleteReceived", "context":{"id":"9db677a9-5785-4fd6-a275-acf23ae4ff6f", "isDeleted:":"true", "version":"1679720686628"}}
{"logTime": "0521/172205", "correlationVector":"k4OwYD8ebW3WSZJq8RhXgG.114","action":"GetUpdates", "result":"DeleteReceived", "context":{"id":"654e435d-faa7-4355-bca1-ffebfaf7a734", "isDeleted:":"true", "version":"1679720686629"}}
{"logTime": "0521/172205", "correlationVector":"k4OwYD8ebW3WSZJq8RhXgG.115","action":"GetUpdates", "result":"DeleteReceived", "context":{"id":"9719f0a4-3d7d-4df2-91ac-220319327755", "isDeleted:":"true", "version":"1679720686630"}}
{"logTime": "0521/172205", "correlationVector":"k4OwYD8ebW3WSZJq8RhXgG.116","action":"GetUpdates", "result":"DeleteReceived", "context":{"id":"8c075c81-9cf8-429e-b675-56ec44a4b792", "isDeleted:":"true", "version":"1679720717893"}}
{"logTime": "0521/172205", "correlationVector":"k4OwYD8ebW3WSZJq8RhXgG.117","action":"GetUpdates", "result":"DeleteReceived", "context":{"id":"35071f6e-8e0e-4b6f-b0e6-e17d9cd94b46", "isDeleted:":"true", "version":"1679720717894"}}
{"logTime": "0521/172205", "correlationVector":"k4OwYD8ebW3WSZJq8RhXgG.118","action":"GetUpdates", "result":"DeleteReceived", "context":{"id":"6091cfac-3700-47a3-a7c2-6192bbc397d7", "isDeleted:":"true", "version":"1679720717903"}}
{"logTime": "0521/172205", "correlationVector":"k4OwYD8ebW3WSZJq8RhXgG.119","action":"GetUpdates", "result":"DeleteReceived", "context":{"id":"066d4c84-cd1d-4398-93b9-a510798675d2", "isDeleted:":"true", "version":"1679720720323"}}
{"logTime": "0521/172205", "correlationVector":"k4OwYD8ebW3WSZJq8RhXgG.120","action":"GetUpdates", "result":"DeleteReceived", "context":{"id":"97806c18-138f-4a3d-a589-91b0d638635a", "isDeleted:":"true", "version":"1679720720324"}}
{"logTime": "0521/172205", "correlationVector":"k4OwYD8ebW3WSZJq8RhXgG.121","action":"GetUpdates", "result":"DeleteReceived", "context":{"id":"f9b7880f-0464-490e-8ecd-208bcb0527b7", "isDeleted:":"true", "version":"1679720751077"}}
{"logTime": "0521/172205", "correlationVector":"k4OwYD8ebW3WSZJq8RhXgG.122","action":"GetUpdates", "result":"DeleteReceived", "context":{"id":"53fd3ded-fbe1-4775-8522-c743ccd5dcd7", "isDeleted:":"true", "version":"1679720751078"}}
{"logTime": "0521/172205", "correlationVector":"k4OwYD8ebW3WSZJq8RhXgG.123","action":"GetUpdates", "result":"DeleteReceived", "context":{"id":"ed9c85a5-2bfd-47b5-bcde-97bee84414e6", "isDeleted:":"true", "version":"1679782867672"}}
{"logTime": "0521/172205", "correlationVector":"k4OwYD8ebW3WSZJq8RhXgG.124","action":"GetUpdates", "result":"DeleteReceived", "context":{"id":"50409bf6-cbbd-46b5-81cd-d610ad3761bf", "isDeleted:":"true", "version":"1679783268520"}}
{"logTime": "0521/172205", "correlationVector":"k4OwYD8ebW3WSZJq8RhXgG.125","action":"GetUpdates", "result":"DeleteReceived", "context":{"id":"ece8aa61-24fa-40e9-a58b-aefb5164445b", "isDeleted:":"true", "version":"1679784254395"}}
{"logTime": "0521/172205", "correlationVector":"k4OwYD8ebW3WSZJq8RhXgG.126","action":"GetUpdates", "result":"DeleteReceived", "context":{"id":"b1c52822-1e42-4243-a352-0d25e21202fa", "isDeleted:":"true", "version":"1679784254396"}}
{"logTime": "0521/172205", "correlationVector":"k4OwYD8ebW3WSZJq8RhXgG.127","action":"GetUpdates", "result":"DeleteReceived", "context":{"id":"7e600e79-789c-4a2d-b884-ff5fee2f56d6", "isDeleted:":"true", "version":"1679784254398"}}
{"logTime": "0521/172205", "correlationVector":"k4OwYD8ebW3WSZJq8RhXgG.128","action":"GetUpdates", "result":"DeleteReceived", "context":{"id":"9d0532c7-0c52-4185-b83f-063f7ee043d5", "isDeleted:":"true", "version":"1679784254400"}}
{"logTime": "0521/172205", "correlationVector":"k4OwYD8ebW3WSZJq8RhXgG.129","action":"GetUpdates", "result":"DeleteReceived", "context":{"id":"3ade3e53-1ac9-427f-95bd-e6049e5ed1d1", "isDeleted:":"true", "version":"1679784254402"}}
{"logTime": "0521/172205", "correlationVector":"k4OwYD8ebW3WSZJq8RhXgG.130","action":"GetUpdates", "result":"DeleteReceived", "context":{"id":"41859074-f59b-48ab-9ba5-c3cfa255ccba", "isDeleted:":"true", "version":"1679784254403"}}
{"logTime": "0521/172205", "correlationVector":"k4OwYD8ebW3WSZJq8RhXgG.131","action":"GetUpdates", "result":"DeleteReceived", "context":{"id":"d4198ea7-3154-49f9-bbf2-100d6b46e947", "isDeleted:":"true", "version":"1679784254405"}}
{"logTime": "0521/172205", "correlationVector":"k4OwYD8ebW3WSZJq8RhXgG.132","action":"GetUpdates", "result":"DeleteReceived", "context":{"id":"c13c1e9b-e013-4344-ae30-0cf396f98f23", "isDeleted:":"true", "version":"1679784254406"}}
{"logTime": "0521/172205", "correlationVector":"k4OwYD8ebW3WSZJq8RhXgG.133","action":"GetUpdates", "result":"DeleteReceived", "context":{"id":"cc99cd48-d24d-43df-b8e9-b6c32ad78c71", "isDeleted:":"true", "version":"1679784254407"}}
{"logTime": "0521/172205", "correlationVector":"k4OwYD8ebW3WSZJq8RhXgG.134","action":"GetUpdates", "result":"DeleteReceived", "context":{"id":"c6502203-7a00-4096-a6ae-2ce3910dbd10", "isDeleted:":"true", "version":"1679784254409"}}
{"logTime": "0521/172205", "correlationVector":"k4OwYD8ebW3WSZJq8RhXgG.135","action":"GetUpdates", "result":"DeleteReceived", "context":{"id":"4b557b4c-d7a0-4874-8e5c-6ab537a90303", "isDeleted:":"true", "version":"1679784254411"}}
{"logTime": "0521/172205", "correlationVector":"k4OwYD8ebW3WSZJq8RhXgG.136","action":"GetUpdates", "result":"DeleteReceived", "context":{"id":"404752fb-fd99-4ad8-9b74-f14089ee05fc", "isDeleted:":"true", "version":"1679784254413"}}
{"logTime": "0521/172205", "correlationVector":"k4OwYD8ebW3WSZJq8RhXgG.137","action":"GetUpdates", "result":"DeleteReceived", "context":{"id":"fa750c8b-3994-4183-b139-c9d0eeaa03f7", "isDeleted:":"true", "version":"1679784255550"}}
{"logTime": "0521/172205", "correlationVector":"k4OwYD8ebW3WSZJq8RhXgG.138","action":"GetUpdates", "result":"DeleteReceived", "context":{"id":"06406b92-f1eb-433d-aa6b-93bab344c15e", "isDeleted:":"true", "version":"1679784255553"}}
{"logTime": "0521/172205", "correlationVector":"k4OwYD8ebW3WSZJq8RhXgG.139","action":"GetUpdates", "result":"DeleteReceived", "context":{"id":"1456da7e-8650-45fb-8b58-cb28615735c1", "isDeleted:":"true", "version":"1679784255556"}}
{"logTime": "0521/172205", "correlationVector":"k4OwYD8ebW3WSZJq8RhXgG.140","action":"GetUpdates", "result":"DeleteReceived", "context":{"id":"48bcc070-1b26-45bf-82dc-eb149b313855", "isDeleted:":"true", "version":"1679784800921"}}
{"logTime": "0521/172205", "correlationVector":"k4OwYD8ebW3WSZJq8RhXgG.141","action":"GetUpdates", "result":"DeleteReceived", "context":{"id":"b61a1f19-ad6e-418a-b12d-679e2fba6694", "isDeleted:":"true", "version":"1679784800922"}}
{"logTime": "0521/172205", "correlationVector":"k4OwYD8ebW3WSZJq8RhXgG.142","action":"GetUpdates", "result":"DeleteReceived", "context":{"id":"84916f77-2348-449b-8efb-8d08ae07e387", "isDeleted:":"true", "version":"1679784800923"}}
{"logTime": "0521/172205", "correlationVector":"k4OwYD8ebW3WSZJq8RhXgG.143","action":"GetUpdates", "result":"DeleteReceived", "context":{"id":"4238a2f7-66f3-4d40-8d62-2ef0c1d41f2a", "isDeleted:":"true", "version":"1679784800924"}}
{"logTime": "0521/172205", "correlationVector":"k4OwYD8ebW3WSZJq8RhXgG.144","action":"GetUpdates", "result":"DeleteReceived", "context":{"id":"bcaabfba-2e4b-438a-8493-5007b7ca926d", "isDeleted:":"true", "version":"1679784800925"}}
{"logTime": "0521/172205", "correlationVector":"k4OwYD8ebW3WSZJq8RhXgG.145","action":"GetUpdates", "result":"DeleteReceived", "context":{"id":"bd7bde1c-4cf9-44b6-961b-4b2bd77812f5", "isDeleted:":"true", "version":"1679784800926"}}
{"logTime": "0521/172205", "correlationVector":"k4OwYD8ebW3WSZJq8RhXgG.146","action":"GetUpdates", "result":"DeleteReceived", "context":{"id":"f7c482fd-3925-438c-8d77-ba8f3bbdf4bd", "isDeleted:":"true", "version":"1679784800927"}}
{"logTime": "0521/172205", "correlationVector":"k4OwYD8ebW3WSZJq8RhXgG.147","action":"GetUpdates", "result":"DeleteReceived", "context":{"id":"12705e07-69f7-4107-861c-1ed6569ce44d", "isDeleted:":"true", "version":"1679784800928"}}
{"logTime": "0521/172205", "correlationVector":"k4OwYD8ebW3WSZJq8RhXgG.148","action":"GetUpdates", "result":"DeleteReceived", "context":{"id":"1156aef2-48bb-42d1-bec3-19f8b83067fb", "isDeleted:":"true", "version":"1679784800929"}}
{"logTime": "0521/172205", "correlationVector":"k4OwYD8ebW3WSZJq8RhXgG.149","action":"GetUpdates", "result":"DeleteReceived", "context":{"id":"bf228eca-fdf3-4f48-b520-2911cd8d3937", "isDeleted:":"true", "version":"1679784800930"}}
{"logTime": "0521/172205", "correlationVector":"k4OwYD8ebW3WSZJq8RhXgG.150","action":"GetUpdates", "result":"DeleteReceived", "context":{"id":"dacd8dbc-414c-42ab-8d2c-4d46e88c0c72", "isDeleted:":"true", "version":"1679784800931"}}
{"logTime": "0521/172205", "correlationVector":"k4OwYD8ebW3WSZJq8RhXgG.151","action":"GetUpdates", "result":"DeleteReceived", "context":{"id":"99e090c8-fdbc-4b2c-953a-b07d3fb45b95", "isDeleted:":"true", "version":"1679784800932"}}
{"logTime": "0521/172205", "correlationVector":"k4OwYD8ebW3WSZJq8RhXgG.152","action":"GetUpdates", "result":"DeleteReceived", "context":{"id":"1eb903b8-827e-4679-a049-6fc19b2febe4", "isDeleted:":"true", "version":"1679784800933"}}
{"logTime": "0521/172205", "correlationVector":"k4OwYD8ebW3WSZJq8RhXgG.153","action":"GetUpdates", "result":"DeleteReceived", "context":{"id":"a8873579-380b-4034-ba07-b59d04cc99d4", "isDeleted:":"true", "version":"1679896456651"}}
{"logTime": "0521/172205", "correlationVector":"k4OwYD8ebW3WSZJq8RhXgG.154","action":"GetUpdates", "result":"DeleteReceived", "context":{"id":"8845847b-4447-4897-a125-4b410bab1a23", "isDeleted:":"true", "version":"1679896456652"}}
{"logTime": "0521/172205", "correlationVector":"k4OwYD8ebW3WSZJq8RhXgG.155","action":"GetUpdates", "result":"DeleteReceived", "context":{"id":"8d5be1db-0bad-4332-8592-25a17f63f7b3", "isDeleted:":"true", "version":"1680109470940"}}
{"logTime": "0521/172205", "correlationVector":"k4OwYD8ebW3WSZJq8RhXgG.156","action":"GetUpdates", "result":"DeleteReceived", "context":{"id":"0d5efa8b-0227-41f1-82ad-76ccb1b47abb", "isDeleted:":"true", "version":"1680109470943"}}
{"logTime": "0521/172205", "correlationVector":"k4OwYD8ebW3WSZJq8RhXgG.157","action":"GetUpdates", "result":"DeleteReceived", "context":{"id":"2561702d-ff17-4f31-b453-d568c9ac0196", "isDeleted:":"true", "version":"1680109470946"}}
{"logTime": "0521/172205", "correlationVector":"k4OwYD8ebW3WSZJq8RhXgG.158","action":"GetUpdates", "result":"DeleteReceived", "context":{"id":"a479b740-9301-431b-9e26-fd3d2bbd5482", "isDeleted:":"true", "version":"1680109470947"}}
{"logTime": "0521/172205", "correlationVector":"k4OwYD8ebW3WSZJq8RhXgG.159","action":"GetUpdates", "result":"DeleteReceived", "context":{"id":"37eb4686-50b2-4cf5-8710-ff84d3521d4e", "isDeleted:":"true", "version":"1680109470948"}}
{"logTime": "0521/172205", "correlationVector":"k4OwYD8ebW3WSZJq8RhXgG.160","action":"GetUpdates", "result":"DeleteReceived", "context":{"id":"7c7561b5-3ed3-4aca-a63f-441c4c7221af", "isDeleted:":"true", "version":"1680109470949"}}
{"logTime": "0521/172205", "correlationVector":"k4OwYD8ebW3WSZJq8RhXgG.161","action":"GetUpdates", "result":"DeleteReceived", "context":{"id":"9c7138ad-d7d6-4bbf-92aa-19f4a788436f", "isDeleted:":"true", "version":"1680109470951"}}
{"logTime": "0521/172205", "correlationVector":"k4OwYD8ebW3WSZJq8RhXgG.162","action":"GetUpdates", "result":"DeleteReceived", "context":{"id":"6508b156-ac52-4544-870e-ad0e527d8871", "isDeleted:":"true", "version":"1680281116823"}}
{"logTime": "0521/172205", "correlationVector":"k4OwYD8ebW3WSZJq8RhXgG.163","action":"GetUpdates", "result":"DeleteReceived", "context":{"id":"76f45ab5-e323-4532-8811-2983097003b8", "isDeleted:":"true", "version":"1680281116829"}}
{"logTime": "0521/172205", "correlationVector":"k4OwYD8ebW3WSZJq8RhXgG.164","action":"GetUpdates", "result":"DeleteReceived", "context":{"id":"b1537b86-965e-478c-91e8-840bcc02d119", "isDeleted:":"true", "version":"1680458109554"}}
{"logTime": "0521/172205", "correlationVector":"k4OwYD8ebW3WSZJq8RhXgG.165","action":"GetUpdates", "result":"DeleteReceived", "context":{"id":"b44924d4-6368-42d1-8a4f-6d8b3483b3d3", "isDeleted:":"true", "version":"1680496952850"}}
{"logTime": "0521/172205", "correlationVector":"k4OwYD8ebW3WSZJq8RhXgG.166","action":"GetUpdates", "result":"DeleteReceived", "context":{"id":"2b8d8ad5-cace-4893-9779-09d4393cf728", "isDeleted:":"true", "version":"1680496952851"}}
{"logTime": "0521/172205", "correlationVector":"k4OwYD8ebW3WSZJq8RhXgG.167","action":"GetUpdates", "result":"DeleteReceived", "context":{"id":"bd650ecf-5ee1-447b-a94d-695858cb300d", "isDeleted:":"true", "version":"1680496952856"}}
{"logTime": "0521/172205", "correlationVector":"k4OwYD8ebW3WSZJq8RhXgG.168","action":"GetUpdates", "result":"DeleteReceived", "context":{"id":"587ef421-1417-4b76-95d1-92fa0c04d561", "isDeleted:":"true", "version":"1680721008135"}}
{"logTime": "0521/172205", "correlationVector":"k4OwYD8ebW3WSZJq8RhXgG.169","action":"GetUpdates", "result":"DeleteReceived", "context":{"id":"7ed95180-209a-4e78-9232-6081e3ee1dbc", "isDeleted:":"true", "version":"1680721008138"}}
{"logTime": "0521/172205", "correlationVector":"k4OwYD8ebW3WSZJq8RhXgG.170","action":"GetUpdates", "result":"DeleteReceived", "context":{"id":"6352890b-315d-4e48-9ff2-c4e9fa2bec82", "isDeleted:":"true", "version":"1680721008140"}}
{"logTime": "0521/172205", "correlationVector":"k4OwYD8ebW3WSZJq8RhXgG.171","action":"GetUpdates", "result":"DeleteReceived", "context":{"id":"d7243966-c5cb-492a-b285-bdfc9fbac65e", "isDeleted:":"true", "version":"1680721451859"}}
{"logTime": "0521/172205", "correlationVector":"k4OwYD8ebW3WSZJq8RhXgG.172","action":"GetUpdates", "result":"DeleteReceived", "context":{"id":"ed9170c8-885f-4482-9614-69386a5b7046", "isDeleted:":"true", "version":"1680776472038"}}
{"logTime": "0521/172205", "correlationVector":"k4OwYD8ebW3WSZJq8RhXgG.173","action":"GetUpdates", "result":"DeleteReceived", "context":{"id":"7d6a9c41-6825-4bce-a789-d3e5d3e7d4fe", "isDeleted:":"true", "version":"1680776472040"}}
{"logTime": "0521/172205", "correlationVector":"k4OwYD8ebW3WSZJq8RhXgG.174","action":"GetUpdates", "result":"DeleteReceived", "context":{"id":"60d3d61e-a504-4cf4-984a-b1b74918031c", "isDeleted:":"true", "version":"1680808320728"}}
{"logTime": "0521/172205", "correlationVector":"k4OwYD8ebW3WSZJq8RhXgG.175","action":"GetUpdates", "result":"DeleteReceived", "context":{"id":"4d018416-07d4-46a5-939f-eb0eaae03f73", "isDeleted:":"true", "version":"1681155438478"}}
{"logTime": "0521/172205", "correlationVector":"k4OwYD8ebW3WSZJq8RhXgG.176","action":"GetUpdates", "result":"DeleteReceived", "context":{"id":"1fdd86f0-4f4e-4ca1-8907-3117c33a60d9", "isDeleted:":"true", "version":"1681155438484"}}
{"logTime": "0521/172205", "correlationVector":"k4OwYD8ebW3WSZJq8RhXgG.177","action":"GetUpdates Response", "result":"SERVER_MORE_TO_DOWNLOAD", "context":Received 250 update(s).  Some updates remain.}
{"logTime": "0521/172205", "correlationVector":"abNzhUlKahX/LnzcCgDmLY","action":"Normal GetUpdate request", "result":"", "context":cV=abNzhUlKahX/LnzcCgDmLY
Nudged types: Sessions, User Consents
Refresh requested types: Bookmarks, Preferences, Autofill Custom Data, Typed URLs, Extensions, Sessions, Extension settings, History Delete Directives, Device Info, User Consents, Send Tab To Self, Web Apps, Collection, Edge E Drop, Encryption Keys}
{"logTime": "0521/172205", "correlationVector":"abNzhUlKahX/LnzcCgDmLY.1","action":"SyncServerConnectionManagerRequest", "result":"SYNC_SERVER_OK", "context":{"environment":"Prod_SoutheastAsia_000j", "migrationStage":"NotStarted", "server":"GENERAL01000015"}}
{"logTime": "0521/172205", "correlationVector":"abNzhUlKahX/LnzcCgDmLY.2","action":"GetUpdates", "result":"DeleteReceived", "context":{"id":"1c89ee4b-3ada-4759-8846-bc8656d6f41b", "isDeleted:":"true", "version":"1681199316779"}}
{"logTime": "0521/172205", "correlationVector":"abNzhUlKahX/LnzcCgDmLY.3","action":"GetUpdates", "result":"DeleteReceived", "context":{"id":"178ea084-149e-40d7-a2c1-27c50d7bdd94", "isDeleted:":"true", "version":"1681569319415"}}
{"logTime": "0521/172205", "correlationVector":"abNzhUlKahX/LnzcCgDmLY.4","action":"GetUpdates", "result":"DeleteReceived", "context":{"id":"de2347e7-0048-4576-9711-bf77ba04d7bb", "isDeleted:":"true", "version":"1681575437735"}}
{"logTime": "0521/172205", "correlationVector":"abNzhUlKahX/LnzcCgDmLY.5","action":"GetUpdates", "result":"DeleteReceived", "context":{"id":"ae216e97-2aac-448f-a605-75d86195da82", "isDeleted:":"true", "version":"1681576737223"}}
{"logTime": "0521/172205", "correlationVector":"abNzhUlKahX/LnzcCgDmLY.6","action":"GetUpdates", "result":"DeleteReceived", "context":{"id":"61921d90-cab3-4cf5-9773-d5a11d6d8446", "isDeleted:":"true", "version":"1681804119713"}}
{"logTime": "0521/172205", "correlationVector":"abNzhUlKahX/LnzcCgDmLY.7","action":"GetUpdates", "result":"DeleteReceived", "context":{"id":"dd885105-7885-4723-86c1-27c24909d8e0", "isDeleted:":"true", "version":"1681812446737"}}
{"logTime": "0521/172205", "correlationVector":"abNzhUlKahX/LnzcCgDmLY.8","action":"GetUpdates", "result":"DeleteReceived", "context":{"id":"72341c2c-6d81-4976-90b1-9185434c4846", "isDeleted:":"true", "version":"1681812606799"}}
{"logTime": "0521/172205", "correlationVector":"abNzhUlKahX/LnzcCgDmLY.9","action":"GetUpdates", "result":"DeleteReceived", "context":{"id":"4835b7f2-9606-4d27-ae5e-18b5769f6118", "isDeleted:":"true", "version":"1681814289503"}}
{"logTime": "0521/172205", "correlationVector":"abNzhUlKahX/LnzcCgDmLY.10","action":"GetUpdates", "result":"DeleteReceived", "context":{"id":"b8757771-9aea-4dc9-af33-2dc39ac10464", "isDeleted:":"true", "version":"1682997754910"}}
{"logTime": "0521/172205", "correlationVector":"abNzhUlKahX/LnzcCgDmLY.11","action":"GetUpdates", "result":"DeleteReceived", "context":{"id":"1aaee441-411f-49b9-8a18-2c41b44e8e55", "isDeleted:":"true", "version":"1682997754911"}}
{"logTime": "0521/172205", "correlationVector":"abNzhUlKahX/LnzcCgDmLY.12","action":"GetUpdates", "result":"DeleteReceived", "context":{"id":"73bd48a1-55a4-4155-9f12-87884576e174", "isDeleted:":"true", "version":"1682997754912"}}
{"logTime": "0521/172205", "correlationVector":"abNzhUlKahX/LnzcCgDmLY.13","action":"GetUpdates", "result":"DeleteReceived", "context":{"id":"498099eb-c65c-4374-946f-edca4c9ed75f", "isDeleted:":"true", "version":"1682997754914"}}
{"logTime": "0521/172205", "correlationVector":"abNzhUlKahX/LnzcCgDmLY.14","action":"GetUpdates", "result":"DeleteReceived", "context":{"id":"1e5b9357-5815-4a12-9bd3-435e728ac227", "isDeleted:":"true", "version":"1682997754915"}}
{"logTime": "0521/172205", "correlationVector":"abNzhUlKahX/LnzcCgDmLY.15","action":"GetUpdates", "result":"DeleteReceived", "context":{"id":"a8c2330d-3d9d-4fa3-9dd9-1c2f50d2e318", "isDeleted:":"true", "version":"1682997754917"}}
{"logTime": "0521/172205", "correlationVector":"abNzhUlKahX/LnzcCgDmLY.16","action":"GetUpdates", "result":"DeleteReceived", "context":{"id":"329b2a3d-09f8-4c65-a99e-b3c83fabdc00", "isDeleted:":"true", "version":"1682998040326"}}
{"logTime": "0521/172205", "correlationVector":"abNzhUlKahX/LnzcCgDmLY.17","action":"GetUpdates", "result":"DeleteReceived", "context":{"id":"f69ca130-2134-4aae-a7b3-23a13b05d136", "isDeleted:":"true", "version":"1682998128882"}}
{"logTime": "0521/172205", "correlationVector":"abNzhUlKahX/LnzcCgDmLY.18","action":"GetUpdates", "result":"DeleteReceived", "context":{"id":"b235a550-5a73-420c-b37c-15341b02bdfe", "isDeleted:":"true", "version":"1683055763551"}}
{"logTime": "0521/172205", "correlationVector":"abNzhUlKahX/LnzcCgDmLY.19","action":"GetUpdates", "result":"DeleteReceived", "context":{"id":"236e1c9e-073d-4f5d-9736-6b3021d258f4", "isDeleted:":"true", "version":"1683055763552"}}
{"logTime": "0521/172205", "correlationVector":"abNzhUlKahX/LnzcCgDmLY.20","action":"GetUpdates", "result":"DeleteReceived", "context":{"id":"94a8cce7-50de-4437-81e9-b1db6ae01154", "isDeleted:":"true", "version":"1683137621701"}}
{"logTime": "0521/172205", "correlationVector":"abNzhUlKahX/LnzcCgDmLY.21","action":"GetUpdates", "result":"DeleteReceived", "context":{"id":"e07fe545-d036-4783-918b-5e290a531902", "isDeleted:":"true", "version":"1683137621704"}}
{"logTime": "0521/172205", "correlationVector":"abNzhUlKahX/LnzcCgDmLY.22","action":"GetUpdates", "result":"DeleteReceived", "context":{"id":"bcec5078-03d1-415a-8d35-ed9a919d84a8", "isDeleted:":"true", "version":"1683137621705"}}
{"logTime": "0521/172205", "correlationVector":"abNzhUlKahX/LnzcCgDmLY.23","action":"GetUpdates", "result":"DeleteReceived", "context":{"id":"88983679-b8dd-4086-a834-5905924ab07b", "isDeleted:":"true", "version":"1683137621707"}}
{"logTime": "0521/172205", "correlationVector":"abNzhUlKahX/LnzcCgDmLY.24","action":"GetUpdates", "result":"DeleteReceived", "context":{"id":"279c4375-2dce-4ca9-bfcb-666661619f8a", "isDeleted:":"true", "version":"1683137621708"}}
{"logTime": "0521/172205", "correlationVector":"abNzhUlKahX/LnzcCgDmLY.25","action":"GetUpdates", "result":"DeleteReceived", "context":{"id":"79ba55ee-6696-43f8-add5-53d95df84014", "isDeleted:":"true", "version":"1683137668474"}}
{"logTime": "0521/172205", "correlationVector":"abNzhUlKahX/LnzcCgDmLY.26","action":"GetUpdates", "result":"DeleteReceived", "context":{"id":"17526bd9-b61f-42a8-9b09-4a687fabf8ad", "isDeleted:":"true", "version":"1683488643536"}}
{"logTime": "0521/172205", "correlationVector":"abNzhUlKahX/LnzcCgDmLY.27","action":"GetUpdates", "result":"DeleteReceived", "context":{"id":"6131f61d-88ce-4037-a033-0f74a00986eb", "isDeleted:":"true", "version":"1683488643541"}}
{"logTime": "0521/172205", "correlationVector":"abNzhUlKahX/LnzcCgDmLY.28","action":"GetUpdates", "result":"DeleteReceived", "context":{"id":"eb431409-8f7e-4279-80fe-af8cbce2b2bb", "isDeleted:":"true", "version":"1683488643543"}}
{"logTime": "0521/172205", "correlationVector":"abNzhUlKahX/LnzcCgDmLY.29","action":"GetUpdates", "result":"DeleteReceived", "context":{"id":"1a88ef15-9f1e-4b1f-bd5e-7c375b0a7b50", "isDeleted:":"true", "version":"1683488715892"}}
{"logTime": "0521/172205", "correlationVector":"abNzhUlKahX/LnzcCgDmLY.30","action":"GetUpdates", "result":"DeleteReceived", "context":{"id":"8cf87307-2083-4513-bc95-438fc88ea3d0", "isDeleted:":"true", "version":"1683488715893"}}
{"logTime": "0521/172205", "correlationVector":"abNzhUlKahX/LnzcCgDmLY.31","action":"GetUpdates", "result":"DeleteReceived", "context":{"id":"fd7b31f8-68b6-458c-87eb-3390dbbb8a4e", "isDeleted:":"true", "version":"1683488715894"}}
{"logTime": "0521/172205", "correlationVector":"abNzhUlKahX/LnzcCgDmLY.32","action":"GetUpdates", "result":"DeleteReceived", "context":{"id":"1c3f0885-c87a-490e-b8a5-b9e9ce712d36", "isDeleted:":"true", "version":"1683488715895"}}
{"logTime": "0521/172205", "correlationVector":"abNzhUlKahX/LnzcCgDmLY.33","action":"GetUpdates", "result":"DeleteReceived", "context":{"id":"f621c3d6-c0c1-4321-abbf-9b038f708baa", "isDeleted:":"true", "version":"1683488744648"}}
{"logTime": "0521/172205", "correlationVector":"abNzhUlKahX/LnzcCgDmLY.34","action":"GetUpdates", "result":"DeleteReceived", "context":{"id":"b22a93cb-a3cf-403a-960e-06bbb28f9112", "isDeleted:":"true", "version":"1683488839518"}}
{"logTime": "0521/172205", "correlationVector":"abNzhUlKahX/LnzcCgDmLY.35","action":"GetUpdates", "result":"DeleteReceived", "context":{"id":"0e6a95eb-afbc-4af9-a386-0cfa069e846f", "isDeleted:":"true", "version":"1683489001073"}}
{"logTime": "0521/172205", "correlationVector":"abNzhUlKahX/LnzcCgDmLY.36","action":"GetUpdates", "result":"DeleteReceived", "context":{"id":"048a01dc-a38e-439e-8d75-1c9bc6391a68", "isDeleted:":"true", "version":"1683489001074"}}
{"logTime": "0521/172205", "correlationVector":"abNzhUlKahX/LnzcCgDmLY.37","action":"GetUpdates", "result":"DeleteReceived", "context":{"id":"78419943-ac79-47f8-9413-c28e97a36e70", "isDeleted:":"true", "version":"1683489421382"}}
{"logTime": "0521/172205", "correlationVector":"abNzhUlKahX/LnzcCgDmLY.38","action":"GetUpdates", "result":"DeleteReceived", "context":{"id":"39debcc2-6c4c-42e3-825b-95f8e5c65e1e", "isDeleted:":"true", "version":"1683489421383"}}
{"logTime": "0521/172205", "correlationVector":"abNzhUlKahX/LnzcCgDmLY.39","action":"GetUpdates", "result":"DeleteReceived", "context":{"id":"117cb3a1-143b-4630-87c6-d3c8036bd37f", "isDeleted:":"true", "version":"1683489979545"}}
{"logTime": "0521/172205", "correlationVector":"abNzhUlKahX/LnzcCgDmLY.40","action":"GetUpdates", "result":"DeleteReceived", "context":{"id":"9a534ac5-14f6-4922-a2eb-1e946f29f465", "isDeleted:":"true", "version":"1683491193227"}}
{"logTime": "0521/172205", "correlationVector":"abNzhUlKahX/LnzcCgDmLY.41","action":"GetUpdates", "result":"DeleteReceived", "context":{"id":"642b5280-96ad-4415-b53d-844658bbdeef", "isDeleted:":"true", "version":"1683491480321"}}
{"logTime": "0521/172205", "correlationVector":"abNzhUlKahX/LnzcCgDmLY.42","action":"GetUpdates", "result":"DeleteReceived", "context":{"id":"d817946d-199e-4fc7-bccf-76f5828d59a9", "isDeleted:":"true", "version":"1683491543367"}}
{"logTime": "0521/172205", "correlationVector":"abNzhUlKahX/LnzcCgDmLY.43","action":"GetUpdates", "result":"DeleteReceived", "context":{"id":"37598805-3e09-40b7-b4c4-3771ca859426", "isDeleted:":"true", "version":"1683491543369"}}
{"logTime": "0521/172205", "correlationVector":"abNzhUlKahX/LnzcCgDmLY.44","action":"GetUpdates", "result":"DeleteReceived", "context":{"id":"db69c507-9e91-42e5-9626-ba1d0ab26d97", "isDeleted:":"true", "version":"1683494131097"}}
{"logTime": "0521/172205", "correlationVector":"abNzhUlKahX/LnzcCgDmLY.45","action":"GetUpdates", "result":"DeleteReceived", "context":{"id":"51febd51-2d03-4051-a625-885a4c007787", "isDeleted:":"true", "version":"1683494195274"}}
{"logTime": "0521/172205", "correlationVector":"abNzhUlKahX/LnzcCgDmLY.46","action":"GetUpdates", "result":"DeleteReceived", "context":{"id":"0d8b9fb5-91bb-4359-8dd5-afc4ec089f00", "isDeleted:":"true", "version":"1683497127549"}}
{"logTime": "0521/172205", "correlationVector":"abNzhUlKahX/LnzcCgDmLY.47","action":"GetUpdates", "result":"DeleteReceived", "context":{"id":"c71bfc2f-8643-472e-8ad9-9ddcd3fbb8de", "isDeleted:":"true", "version":"1683497177654"}}
{"logTime": "0521/172205", "correlationVector":"abNzhUlKahX/LnzcCgDmLY.48","action":"GetUpdates", "result":"DeleteReceived", "context":{"id":"dc38bed0-659b-4391-927e-ce4ee1712435", "isDeleted:":"true", "version":"1683498158099"}}
{"logTime": "0521/172205", "correlationVector":"abNzhUlKahX/LnzcCgDmLY.49","action":"GetUpdates", "result":"DeleteReceived", "context":{"id":"0e4f88ef-f8e7-49d6-b15c-bb5198933fc1", "isDeleted:":"true", "version":"1683498158101"}}
{"logTime": "0521/172205", "correlationVector":"abNzhUlKahX/LnzcCgDmLY.50","action":"GetUpdates", "result":"DeleteReceived", "context":{"id":"0f13ddf9-4f45-42c2-a075-2ea8ddab18b4", "isDeleted:":"true", "version":"1683498158102"}}
{"logTime": "0521/172205", "correlationVector":"abNzhUlKahX/LnzcCgDmLY.51","action":"GetUpdates", "result":"DeleteReceived", "context":{"id":"008c6bef-8fd5-445f-bff5-557b7a5007d9", "isDeleted:":"true", "version":"1683498192341"}}
{"logTime": "0521/172205", "correlationVector":"abNzhUlKahX/LnzcCgDmLY.52","action":"GetUpdates", "result":"DeleteReceived", "context":{"id":"4ba4d895-c3a3-4f4d-a957-fe0cc29f6eaf", "isDeleted:":"true", "version":"1683520235438"}}
{"logTime": "0521/172205", "correlationVector":"abNzhUlKahX/LnzcCgDmLY.53","action":"GetUpdates", "result":"DeleteReceived", "context":{"id":"b2676f50-5d8e-4d21-b570-cc7e64ea248a", "isDeleted:":"true", "version":"1683520984257"}}
{"logTime": "0521/172205", "correlationVector":"abNzhUlKahX/LnzcCgDmLY.54","action":"GetUpdates", "result":"DeleteReceived", "context":{"id":"216676a6-c583-42a9-8fae-cce50da05254", "isDeleted:":"true", "version":"1683523300139"}}
{"logTime": "0521/172205", "correlationVector":"abNzhUlKahX/LnzcCgDmLY.55","action":"GetUpdates", "result":"DeleteReceived", "context":{"id":"a9eea97d-bef6-4627-a10c-e815b4982304", "isDeleted:":"true", "version":"1683523300140"}}
{"logTime": "0521/172205", "correlationVector":"abNzhUlKahX/LnzcCgDmLY.56","action":"GetUpdates", "result":"DeleteReceived", "context":{"id":"62338959-7e9c-4f2a-a850-40798e58bf73", "isDeleted:":"true", "version":"1683523300141"}}
{"logTime": "0521/172205", "correlationVector":"abNzhUlKahX/LnzcCgDmLY.57","action":"GetUpdates", "result":"DeleteReceived", "context":{"id":"1413afeb-3888-4a69-8abd-edbf0b5b5de1", "isDeleted:":"true", "version":"1683523300142"}}
{"logTime": "0521/172205", "correlationVector":"abNzhUlKahX/LnzcCgDmLY.58","action":"GetUpdates", "result":"DeleteReceived", "context":{"id":"cbecafcc-0993-494f-8a35-603b1305ae82", "isDeleted:":"true", "version":"1683523300144"}}
{"logTime": "0521/172205", "correlationVector":"abNzhUlKahX/LnzcCgDmLY.59","action":"GetUpdates", "result":"DeleteReceived", "context":{"id":"6490579b-d2d1-4a8a-9963-82f4e9a0a3a1", "isDeleted:":"true", "version":"1683523330807"}}
{"logTime": "0521/172205", "correlationVector":"abNzhUlKahX/LnzcCgDmLY.60","action":"GetUpdates", "result":"DeleteReceived", "context":{"id":"041070fa-429e-43c2-b33f-072b3c3bb8c0", "isDeleted:":"true", "version":"1683523330809"}}
{"logTime": "0521/172205", "correlationVector":"abNzhUlKahX/LnzcCgDmLY.61","action":"GetUpdates", "result":"DeleteReceived", "context":{"id":"d2770a53-7621-4824-a11f-10074d1acf37", "isDeleted:":"true", "version":"1683523330810"}}
{"logTime": "0521/172205", "correlationVector":"abNzhUlKahX/LnzcCgDmLY.62","action":"GetUpdates", "result":"DeleteReceived", "context":{"id":"06ca2d6e-c59a-460e-95c6-40698e483811", "isDeleted:":"true", "version":"1683523330811"}}
{"logTime": "0521/172205", "correlationVector":"abNzhUlKahX/LnzcCgDmLY.63","action":"GetUpdates", "result":"DeleteReceived", "context":{"id":"2b116891-2d24-4c7c-864b-43bbc8ad321a", "isDeleted:":"true", "version":"1683523330812"}}
{"logTime": "0521/172205", "correlationVector":"abNzhUlKahX/LnzcCgDmLY.64","action":"GetUpdates", "result":"DeleteReceived", "context":{"id":"2e8ccd2f-7edc-4587-b436-980ce9effeab", "isDeleted:":"true", "version":"1683523330813"}}
{"logTime": "0521/172205", "correlationVector":"abNzhUlKahX/LnzcCgDmLY.65","action":"GetUpdates", "result":"DeleteReceived", "context":{"id":"78a9ef3b-8aaf-4573-9f59-491b5138f497", "isDeleted:":"true", "version":"1683523330815"}}
{"logTime": "0521/172205", "correlationVector":"abNzhUlKahX/LnzcCgDmLY.66","action":"GetUpdates", "result":"DeleteReceived", "context":{"id":"3a10de1f-7942-4655-88dd-4bd5d7758edb", "isDeleted:":"true", "version":"1683523796053"}}
{"logTime": "0521/172205", "correlationVector":"abNzhUlKahX/LnzcCgDmLY.67","action":"GetUpdates", "result":"DeleteReceived", "context":{"id":"cd1c1442-b1c0-4426-aef6-fe0f3ccd96cf", "isDeleted:":"true", "version":"1683523796054"}}
{"logTime": "0521/172205", "correlationVector":"abNzhUlKahX/LnzcCgDmLY.68","action":"GetUpdates", "result":"DeleteReceived", "context":{"id":"f7bbc58f-b850-4983-aec7-4400ae870452", "isDeleted:":"true", "version":"1683523796055"}}
{"logTime": "0521/172205", "correlationVector":"abNzhUlKahX/LnzcCgDmLY.69","action":"GetUpdates", "result":"DeleteReceived", "context":{"id":"11409ccb-caae-415a-8d9c-572e5d1d7df3", "isDeleted:":"true", "version":"1683523796056"}}
{"logTime": "0521/172205", "correlationVector":"abNzhUlKahX/LnzcCgDmLY.70","action":"GetUpdates", "result":"DeleteReceived", "context":{"id":"03cb0ec4-c040-40f7-8152-2e92e2d581ae", "isDeleted:":"true", "version":"1683523796057"}}
{"logTime": "0521/172205", "correlationVector":"abNzhUlKahX/LnzcCgDmLY.71","action":"GetUpdates", "result":"DeleteReceived", "context":{"id":"8f722230-fad9-4121-85c5-3368c33b9db5", "isDeleted:":"true", "version":"1683529034280"}}
{"logTime": "0521/172205", "correlationVector":"abNzhUlKahX/LnzcCgDmLY.72","action":"GetUpdates", "result":"DeleteReceived", "context":{"id":"da3aa214-4927-4c96-b1f7-3f1c6f345216", "isDeleted:":"true", "version":"1683529034281"}}
{"logTime": "0521/172205", "correlationVector":"abNzhUlKahX/LnzcCgDmLY.73","action":"GetUpdates", "result":"DeleteReceived", "context":{"id":"cafb3283-c94a-46f1-98ac-7c474c0ebe04", "isDeleted:":"true", "version":"1683530503437"}}
{"logTime": "0521/172205", "correlationVector":"abNzhUlKahX/LnzcCgDmLY.74","action":"GetUpdates", "result":"DeleteReceived", "context":{"id":"979fc9e5-84c5-4400-b8a6-114d14cc3bf2", "isDeleted:":"true", "version":"1683530503438"}}
{"logTime": "0521/172205", "correlationVector":"abNzhUlKahX/LnzcCgDmLY.75","action":"GetUpdates", "result":"DeleteReceived", "context":{"id":"2fb910ce-87f5-47d4-af14-569ef747990a", "isDeleted:":"true", "version":"1683530503439"}}
{"logTime": "0521/172205", "correlationVector":"abNzhUlKahX/LnzcCgDmLY.76","action":"GetUpdates", "result":"DeleteReceived", "context":{"id":"47878161-7afb-4953-8b8c-9f9437fdc4a9", "isDeleted:":"true", "version":"1683530503440"}}
{"logTime": "0521/172205", "correlationVector":"abNzhUlKahX/LnzcCgDmLY.77","action":"GetUpdates", "result":"DeleteReceived", "context":{"id":"e2b99320-a691-4ee8-b334-fd21d32d4f1c", "isDeleted:":"true", "version":"1683530503441"}}
{"logTime": "0521/172205", "correlationVector":"abNzhUlKahX/LnzcCgDmLY.78","action":"GetUpdates", "result":"DeleteReceived", "context":{"id":"c62bf75e-cf68-4eb0-a919-cb2dc567cdcf", "isDeleted:":"true", "version":"1683530503443"}}
{"logTime": "0521/172205", "correlationVector":"abNzhUlKahX/LnzcCgDmLY.79","action":"GetUpdates", "result":"DeleteReceived", "context":{"id":"1b1b1aed-ef67-4ac9-89bc-1921434d578e", "isDeleted:":"true", "version":"1683530579802"}}
{"logTime": "0521/172205", "correlationVector":"abNzhUlKahX/LnzcCgDmLY.80","action":"GetUpdates", "result":"DeleteReceived", "context":{"id":"633f2388-4ec9-48c4-a0a9-4c9b0c7c3937", "isDeleted:":"true", "version":"1683531278696"}}
{"logTime": "0521/172205", "correlationVector":"abNzhUlKahX/LnzcCgDmLY.81","action":"GetUpdates", "result":"DeleteReceived", "context":{"id":"7a986455-ed13-41d1-85d1-6af37f88f271", "isDeleted:":"true", "version":"1683531278698"}}
{"logTime": "0521/172205", "correlationVector":"abNzhUlKahX/LnzcCgDmLY.82","action":"GetUpdates", "result":"DeleteReceived", "context":{"id":"0d788196-f33f-42c7-9a8d-0ea509d8a873", "isDeleted:":"true", "version":"1683531278700"}}
{"logTime": "0521/172205", "correlationVector":"abNzhUlKahX/LnzcCgDmLY.83","action":"GetUpdates", "result":"DeleteReceived", "context":{"id":"54911536-80b3-4a3c-9ce5-44c6e5a79535", "isDeleted:":"true", "version":"1683532862026"}}
{"logTime": "0521/172205", "correlationVector":"abNzhUlKahX/LnzcCgDmLY.84","action":"GetUpdates", "result":"DeleteReceived", "context":{"id":"59a7d5a6-f785-48f8-b0ab-88cac2fdaab7", "isDeleted:":"true", "version":"1683533040282"}}
{"logTime": "0521/172205", "correlationVector":"abNzhUlKahX/LnzcCgDmLY.85","action":"GetUpdates", "result":"DeleteReceived", "context":{"id":"c6f118dd-2390-4f4e-b2eb-70e095c3d101", "isDeleted:":"true", "version":"1683533040283"}}
{"logTime": "0521/172205", "correlationVector":"abNzhUlKahX/LnzcCgDmLY.86","action":"GetUpdates", "result":"DeleteReceived", "context":{"id":"552701e4-f7b0-4e61-be55-e933e39da116", "isDeleted:":"true", "version":"1683533040284"}}
{"logTime": "0521/172205", "correlationVector":"abNzhUlKahX/LnzcCgDmLY.87","action":"GetUpdates", "result":"DeleteReceived", "context":{"id":"d098a5d1-4dec-40f2-a0e5-2462efa498ea", "isDeleted:":"true", "version":"1683534547846"}}
{"logTime": "0521/172205", "correlationVector":"abNzhUlKahX/LnzcCgDmLY.88","action":"GetUpdates", "result":"DeleteReceived", "context":{"id":"71956fda-2b3f-4823-bbd2-07e742aa0d2a", "isDeleted:":"true", "version":"1683613815051"}}
{"logTime": "0521/172205", "correlationVector":"abNzhUlKahX/LnzcCgDmLY.89","action":"GetUpdates", "result":"DeleteReceived", "context":{"id":"1ab1145d-6a61-4545-b457-36b6a497aa46", "isDeleted:":"true", "version":"1683640465138"}}
{"logTime": "0521/172205", "correlationVector":"abNzhUlKahX/LnzcCgDmLY.90","action":"GetUpdates", "result":"DeleteReceived", "context":{"id":"72171b5d-1b0d-4c9c-939c-e241b3e2b964", "isDeleted:":"true", "version":"1683640465139"}}
{"logTime": "0521/172205", "correlationVector":"abNzhUlKahX/LnzcCgDmLY.91","action":"GetUpdates", "result":"DeleteReceived", "context":{"id":"8351f36e-5135-4a52-8041-1f85fabc98e6", "isDeleted:":"true", "version":"1683640465140"}}
{"logTime": "0521/172205", "correlationVector":"abNzhUlKahX/LnzcCgDmLY.92","action":"GetUpdates", "result":"DeleteReceived", "context":{"id":"2400045b-079f-44a0-9a9b-88331b39fe8e", "isDeleted:":"true", "version":"1683644196389"}}
{"logTime": "0521/172205", "correlationVector":"abNzhUlKahX/LnzcCgDmLY.93","action":"GetUpdates", "result":"DeleteReceived", "context":{"id":"4d31446b-1ede-4382-ac4d-9038afac73cb", "isDeleted:":"true", "version":"1683644313929"}}
{"logTime": "0521/172205", "correlationVector":"abNzhUlKahX/LnzcCgDmLY.94","action":"GetUpdates", "result":"DeleteReceived", "context":{"id":"ba989866-52d4-4a03-87cf-4d12d1b425ab", "isDeleted:":"true", "version":"1683672966302"}}
{"logTime": "0521/172205", "correlationVector":"abNzhUlKahX/LnzcCgDmLY.95","action":"GetUpdates", "result":"DeleteReceived", "context":{"id":"c9a1e9c4-b671-4010-bb78-3d3c6ca96176", "isDeleted:":"true", "version":"1683672966303"}}
{"logTime": "0521/172205", "correlationVector":"abNzhUlKahX/LnzcCgDmLY.96","action":"GetUpdates", "result":"DeleteReceived", "context":{"id":"a48685a7-66f0-4e3c-88fc-003cf567ee56", "isDeleted:":"true", "version":"1683672966304"}}
{"logTime": "0521/172205", "correlationVector":"abNzhUlKahX/LnzcCgDmLY.97","action":"GetUpdates", "result":"DeleteReceived", "context":{"id":"286ee646-f723-4a55-94ff-a70b2f5c445c", "isDeleted:":"true", "version":"1683672966305"}}
{"logTime": "0521/172205", "correlationVector":"abNzhUlKahX/LnzcCgDmLY.98","action":"GetUpdates", "result":"DeleteReceived", "context":{"id":"2094b436-2dcf-47ea-9a25-bae06e582d78", "isDeleted:":"true", "version":"1683672966306"}}
{"logTime": "0521/172205", "correlationVector":"abNzhUlKahX/LnzcCgDmLY.99","action":"GetUpdates", "result":"DeleteReceived", "context":{"id":"5d3be63b-bc2a-441d-af53-2b21855006c1", "isDeleted:":"true", "version":"1683672966307"}}
{"logTime": "0521/172205", "correlationVector":"abNzhUlKahX/LnzcCgDmLY.100","action":"GetUpdates", "result":"DeleteReceived", "context":{"id":"21023823-dedd-4c2a-a85c-0cd930ca6af5", "isDeleted:":"true", "version":"1683672966308"}}
{"logTime": "0521/172205", "correlationVector":"abNzhUlKahX/LnzcCgDmLY.101","action":"GetUpdates", "result":"DeleteReceived", "context":{"id":"27655813-3fd7-4cc5-b4f4-5f6c85f4e038", "isDeleted:":"true", "version":"1683672966310"}}
{"logTime": "0521/172205", "correlationVector":"abNzhUlKahX/LnzcCgDmLY.102","action":"GetUpdates", "result":"DeleteReceived", "context":{"id":"cd724918-c8cd-4151-9ac3-9fe9d1b539e2", "isDeleted:":"true", "version":"1683673036747"}}
{"logTime": "0521/172205", "correlationVector":"abNzhUlKahX/LnzcCgDmLY.103","action":"GetUpdates", "result":"DeleteReceived", "context":{"id":"b8a404f3-b600-47de-bdbd-bf942265a187", "isDeleted:":"true", "version":"1683673036748"}}
{"logTime": "0521/172205", "correlationVector":"abNzhUlKahX/LnzcCgDmLY.104","action":"GetUpdates", "result":"DeleteReceived", "context":{"id":"d686bf3c-7ba9-4576-b3d8-b99c57b388e6", "isDeleted:":"true", "version":"1683673036749"}}
{"logTime": "0521/172205", "correlationVector":"abNzhUlKahX/LnzcCgDmLY.105","action":"GetUpdates", "result":"DeleteReceived", "context":{"id":"4271b858-f211-43be-95c0-577bcba24c8a", "isDeleted:":"true", "version":"1683673036750"}}
{"logTime": "0521/172205", "correlationVector":"abNzhUlKahX/LnzcCgDmLY.106","action":"GetUpdates", "result":"DeleteReceived", "context":{"id":"da47648c-7ba4-4bfa-8d60-8a470ff1da32", "isDeleted:":"true", "version":"1683673036752"}}
{"logTime": "0521/172205", "correlationVector":"abNzhUlKahX/LnzcCgDmLY.107","action":"GetUpdates", "result":"DeleteReceived", "context":{"id":"a2e3bbd2-ac4c-46e1-92a3-eae7431eba92", "isDeleted:":"true", "version":"1683675175242"}}
{"logTime": "0521/172205", "correlationVector":"abNzhUlKahX/LnzcCgDmLY.108","action":"GetUpdates", "result":"DeleteReceived", "context":{"id":"b3542e67-dab3-4803-8bc7-49f64a8fbbaa", "isDeleted:":"true", "version":"1683696697078"}}
{"logTime": "0521/172205", "correlationVector":"abNzhUlKahX/LnzcCgDmLY.109","action":"GetUpdates", "result":"DeleteReceived", "context":{"id":"e88ca3cb-80c3-469c-9bdd-0e6a91d361bb", "isDeleted:":"true", "version":"1683713859582"}}
{"logTime": "0521/172205", "correlationVector":"abNzhUlKahX/LnzcCgDmLY.110","action":"GetUpdates", "result":"DeleteReceived", "context":{"id":"e5990fde-ddf8-4fd3-a545-2e867215c4fa", "isDeleted:":"true", "version":"1683713859586"}}
{"logTime": "0521/172205", "correlationVector":"abNzhUlKahX/LnzcCgDmLY.111","action":"GetUpdates", "result":"DeleteReceived", "context":{"id":"8aff038c-8ea6-4bb6-a126-e81be1fcc322", "isDeleted:":"true", "version":"1683713859589"}}
{"logTime": "0521/172205", "correlationVector":"abNzhUlKahX/LnzcCgDmLY.112","action":"GetUpdates", "result":"DeleteReceived", "context":{"id":"ae3dbe5d-ee54-4eba-a386-98b11c783eac", "isDeleted:":"true", "version":"1683858786099"}}
{"logTime": "0521/172205", "correlationVector":"abNzhUlKahX/LnzcCgDmLY.113","action":"GetUpdates", "result":"DeleteReceived", "context":{"id":"fd257623-8362-4cf5-a7b9-685fe6f956f5", "isDeleted:":"true", "version":"1683858786102"}}
{"logTime": "0521/172205", "correlationVector":"abNzhUlKahX/LnzcCgDmLY.114","action":"GetUpdates", "result":"DeleteReceived", "context":{"id":"4f85119e-8ee9-48f2-8ee7-bcef1918f7ac", "isDeleted:":"true", "version":"1683858832489"}}
{"logTime": "0521/172205", "correlationVector":"abNzhUlKahX/LnzcCgDmLY.115","action":"GetUpdates", "result":"DeleteReceived", "context":{"id":"839d3572-89ca-4a50-b2f5-5c65e0e6de86", "isDeleted:":"true", "version":"1683858832490"}}
{"logTime": "0521/172205", "correlationVector":"abNzhUlKahX/LnzcCgDmLY.116","action":"GetUpdates", "result":"DeleteReceived", "context":{"id":"1c2a7918-2b57-4274-ba5a-1e408fee01b9", "isDeleted:":"true", "version":"1683858832491"}}
{"logTime": "0521/172205", "correlationVector":"abNzhUlKahX/LnzcCgDmLY.117","action":"GetUpdates", "result":"DeleteReceived", "context":{"id":"161f5c07-942f-49e6-ac3b-bd79d8369782", "isDeleted:":"true", "version":"1683858832494"}}
{"logTime": "0521/172205", "correlationVector":"abNzhUlKahX/LnzcCgDmLY.118","action":"GetUpdates", "result":"DeleteReceived", "context":{"id":"84e6e59b-bdb3-4ce4-b95f-2ec9b5c8aa9c", "isDeleted:":"true", "version":"1683858832495"}}
{"logTime": "0521/172205", "correlationVector":"abNzhUlKahX/LnzcCgDmLY.119","action":"GetUpdates", "result":"DeleteReceived", "context":{"id":"453479db-334a-4d3c-b9b9-509eeddfb634", "isDeleted:":"true", "version":"1683858832497"}}
{"logTime": "0521/172205", "correlationVector":"abNzhUlKahX/LnzcCgDmLY.120","action":"GetUpdates", "result":"DeleteReceived", "context":{"id":"8d106e8a-a9cf-42dd-b1e2-5c2ba56fe8ca", "isDeleted:":"true", "version":"1683858832498"}}
{"logTime": "0521/172205", "correlationVector":"abNzhUlKahX/LnzcCgDmLY.121","action":"GetUpdates", "result":"DeleteReceived", "context":{"id":"e928a475-f59b-4374-a3c1-288c6a880fdd", "isDeleted:":"true", "version":"1683859079261"}}
{"logTime": "0521/172205", "correlationVector":"abNzhUlKahX/LnzcCgDmLY.122","action":"GetUpdates", "result":"DeleteReceived", "context":{"id":"31ba1769-8367-41e1-9d97-a27366b6d867", "isDeleted:":"true", "version":"1683909184183"}}
{"logTime": "0521/172205", "correlationVector":"abNzhUlKahX/LnzcCgDmLY.123","action":"GetUpdates", "result":"DeleteReceived", "context":{"id":"48a93068-cce5-4fa5-a2ba-4fb43f8ccd42", "isDeleted:":"true", "version":"1683909292722"}}
{"logTime": "0521/172205", "correlationVector":"abNzhUlKahX/LnzcCgDmLY.124","action":"GetUpdates", "result":"DeleteReceived", "context":{"id":"d603d139-905d-467b-b8d3-f581aa76c2f1", "isDeleted:":"true", "version":"1683918389375"}}
{"logTime": "0521/172205", "correlationVector":"abNzhUlKahX/LnzcCgDmLY.125","action":"GetUpdates", "result":"DeleteReceived", "context":{"id":"f4498652-72e7-408a-a8c8-96e7f6a39c6c", "isDeleted:":"true", "version":"1683920727276"}}
{"logTime": "0521/172205", "correlationVector":"abNzhUlKahX/LnzcCgDmLY.126","action":"GetUpdates", "result":"DeleteReceived", "context":{"id":"9ab8d0e1-b28e-498f-aea2-228542440317", "isDeleted:":"true", "version":"1683949672371"}}
{"logTime": "0521/172205", "correlationVector":"abNzhUlKahX/LnzcCgDmLY.127","action":"GetUpdates", "result":"DeleteReceived", "context":{"id":"ee788a7b-cad3-4414-aac6-f3b3ed79c332", "isDeleted:":"true", "version":"1683952680755"}}
{"logTime": "0521/172205", "correlationVector":"abNzhUlKahX/LnzcCgDmLY.128","action":"GetUpdates", "result":"DeleteReceived", "context":{"id":"36342b7a-c4bf-4ac4-bd96-4f94d12f59cd", "isDeleted:":"true", "version":"1683953249421"}}
{"logTime": "0521/172205", "correlationVector":"abNzhUlKahX/LnzcCgDmLY.129","action":"GetUpdates", "result":"DeleteReceived", "context":{"id":"bc3ae09c-cb88-4e83-8eed-25c2c4eea659", "isDeleted:":"true", "version":"1683954180953"}}
{"logTime": "0521/172205", "correlationVector":"abNzhUlKahX/LnzcCgDmLY.130","action":"GetUpdates", "result":"DeleteReceived", "context":{"id":"4a5663dd-a85e-4edd-a794-b54d40ac4a4a", "isDeleted:":"true", "version":"1683958772548"}}
{"logTime": "0521/172205", "correlationVector":"abNzhUlKahX/LnzcCgDmLY.131","action":"GetUpdates", "result":"DeleteReceived", "context":{"id":"ad78df3b-2c50-4eed-8349-451800714f46", "isDeleted:":"true", "version":"1684200318833"}}
{"logTime": "0521/172205", "correlationVector":"abNzhUlKahX/LnzcCgDmLY.132","action":"GetUpdates", "result":"DeleteReceived", "context":{"id":"a78f9469-35f7-4dcc-b830-d45161105a16", "isDeleted:":"true", "version":"1684200318834"}}
{"logTime": "0521/172205", "correlationVector":"abNzhUlKahX/LnzcCgDmLY.133","action":"GetUpdates", "result":"DeleteReceived", "context":{"id":"22ef9f22-2f99-4ab6-95d9-23fee71aae31", "isDeleted:":"true", "version":"1684200318835"}}
{"logTime": "0521/172205", "correlationVector":"abNzhUlKahX/LnzcCgDmLY.134","action":"GetUpdates", "result":"DeleteReceived", "context":{"id":"d1c332b6-349c-482f-843a-f5a838102958", "isDeleted:":"true", "version":"1684200318836"}}
{"logTime": "0521/172205", "correlationVector":"abNzhUlKahX/LnzcCgDmLY.135","action":"GetUpdates", "result":"DeleteReceived", "context":{"id":"997b910e-cc34-4a4d-b790-4cf71767d433", "isDeleted:":"true", "version":"1684200318837"}}
{"logTime": "0521/172205", "correlationVector":"abNzhUlKahX/LnzcCgDmLY.136","action":"GetUpdates", "result":"DeleteReceived", "context":{"id":"5a6b6157-2279-4912-8fb5-095d02c8bcf2", "isDeleted:":"true", "version":"1684200318838"}}
{"logTime": "0521/172205", "correlationVector":"abNzhUlKahX/LnzcCgDmLY.137","action":"GetUpdates", "result":"DeleteReceived", "context":{"id":"4377b733-8519-41ae-a8b7-a4e9d9965ec2", "isDeleted:":"true", "version":"1684200318839"}}
{"logTime": "0521/172205", "correlationVector":"abNzhUlKahX/LnzcCgDmLY.138","action":"GetUpdates", "result":"DeleteReceived", "context":{"id":"b2b23409-1f0d-44a5-aaf3-113262e250aa", "isDeleted:":"true", "version":"1684200318840"}}
{"logTime": "0521/172205", "correlationVector":"abNzhUlKahX/LnzcCgDmLY.139","action":"GetUpdates", "result":"DeleteReceived", "context":{"id":"9151efba-3d05-4b1d-b001-a3d5b655664b", "isDeleted:":"true", "version":"1684200318842"}}
{"logTime": "0521/172205", "correlationVector":"abNzhUlKahX/LnzcCgDmLY.140","action":"GetUpdates", "result":"DeleteReceived", "context":{"id":"f103d0a4-53e5-4d44-93ff-443f566d1b85", "isDeleted:":"true", "version":"1684200318843"}}
{"logTime": "0521/172205", "correlationVector":"abNzhUlKahX/LnzcCgDmLY.141","action":"GetUpdates", "result":"DeleteReceived", "context":{"id":"b16226f0-ff4c-4c52-9e75-4a5c53802f3e", "isDeleted:":"true", "version":"1684380956364"}}
{"logTime": "0521/172205", "correlationVector":"abNzhUlKahX/LnzcCgDmLY.142","action":"GetUpdates", "result":"DeleteReceived", "context":{"id":"fc5949db-1dd8-4a55-8703-ddbb599c0aa6", "isDeleted:":"true", "version":"1684380956365"}}
{"logTime": "0521/172205", "correlationVector":"abNzhUlKahX/LnzcCgDmLY.143","action":"GetUpdates", "result":"DeleteReceived", "context":{"id":"a31ed98b-fffb-4059-9336-f08a47f44592", "isDeleted:":"true", "version":"1684380956366"}}
{"logTime": "0521/172205", "correlationVector":"abNzhUlKahX/LnzcCgDmLY.144","action":"GetUpdates", "result":"DeleteReceived", "context":{"id":"51ae3531-536e-40d7-aec9-9c623d817293", "isDeleted:":"true", "version":"1684381046968"}}
{"logTime": "0521/172205", "correlationVector":"abNzhUlKahX/LnzcCgDmLY.145","action":"GetUpdates", "result":"DeleteReceived", "context":{"id":"73761b58-31a3-40f0-997d-db2b8bee62ca", "isDeleted:":"true", "version":"1684400281480"}}
{"logTime": "0521/172205", "correlationVector":"abNzhUlKahX/LnzcCgDmLY.146","action":"GetUpdates", "result":"DeleteReceived", "context":{"id":"859c16a2-c467-4ad8-bf3c-327d8fec1d63", "isDeleted:":"true", "version":"1684422656761"}}
{"logTime": "0521/172205", "correlationVector":"abNzhUlKahX/LnzcCgDmLY.147","action":"GetUpdates", "result":"DeleteReceived", "context":{"id":"b9630d29-8c8b-478f-ac91-e83d8c340b8e", "isDeleted:":"true", "version":"1684422656762"}}
{"logTime": "0521/172205", "correlationVector":"abNzhUlKahX/LnzcCgDmLY.148","action":"GetUpdates", "result":"DeleteReceived", "context":{"id":"917bb14c-4937-4f41-8be7-3da90eefdf74", "isDeleted:":"true", "version":"1684422656764"}}
{"logTime": "0521/172205", "correlationVector":"abNzhUlKahX/LnzcCgDmLY.149","action":"GetUpdates", "result":"DeleteReceived", "context":{"id":"b7464d71-95c8-4bfb-8b6c-033f370a9304", "isDeleted:":"true", "version":"1684422776921"}}
{"logTime": "0521/172205", "correlationVector":"abNzhUlKahX/LnzcCgDmLY.150","action":"GetUpdates", "result":"DeleteReceived", "context":{"id":"5c3dd13b-440c-42be-9b19-936128d2b485", "isDeleted:":"true", "version":"1684422776923"}}
{"logTime": "0521/172205", "correlationVector":"abNzhUlKahX/LnzcCgDmLY.151","action":"GetUpdates", "result":"DeleteReceived", "context":{"id":"ae38dd74-57be-4e64-af60-be8e442560a4", "isDeleted:":"true", "version":"1684423043413"}}
{"logTime": "0521/172205", "correlationVector":"abNzhUlKahX/LnzcCgDmLY.152","action":"GetUpdates", "result":"DeleteReceived", "context":{"id":"1b604c56-e137-48b1-bdd7-b141268834d6", "isDeleted:":"true", "version":"1684423730238"}}
{"logTime": "0521/172205", "correlationVector":"abNzhUlKahX/LnzcCgDmLY.153","action":"GetUpdates", "result":"DeleteReceived", "context":{"id":"0dd3f989-a779-4c1b-8d80-392a4dcd3d69", "isDeleted:":"true", "version":"1684424791790"}}
{"logTime": "0521/172205", "correlationVector":"abNzhUlKahX/LnzcCgDmLY.154","action":"GetUpdates", "result":"DeleteReceived", "context":{"id":"cf70ad79-5775-4c22-a102-588bebeba065", "isDeleted:":"true", "version":"1684425284631"}}
{"logTime": "0521/172205", "correlationVector":"abNzhUlKahX/LnzcCgDmLY.155","action":"GetUpdates", "result":"DeleteReceived", "context":{"id":"4432c70e-af9a-465a-b29e-da6d40ac096d", "isDeleted:":"true", "version":"1684571673432"}}
{"logTime": "0521/172205", "correlationVector":"abNzhUlKahX/LnzcCgDmLY.156","action":"GetUpdates", "result":"DeleteReceived", "context":{"id":"f4170289-0dbf-4c59-8def-e3c570931a06", "isDeleted:":"true", "version":"1684571819297"}}
{"logTime": "0521/172205", "correlationVector":"abNzhUlKahX/LnzcCgDmLY.157","action":"GetUpdates", "result":"DeleteReceived", "context":{"id":"461b9f04-0edb-449b-900e-bf903e084ced", "isDeleted:":"true", "version":"1684664329784"}}
{"logTime": "0521/172205", "correlationVector":"abNzhUlKahX/LnzcCgDmLY.158","action":"GetUpdates", "result":"DeleteReceived", "context":{"id":"cf7a05d3-aca6-450e-9e32-fb2f41ebfeb2", "isDeleted:":"true", "version":"1684668181815"}}
{"logTime": "0521/172205", "correlationVector":"abNzhUlKahX/LnzcCgDmLY.159","action":"GetUpdates", "result":"DeleteReceived", "context":{"id":"18389e91-ece8-4f42-bb1a-bbe77ffcf184", "isDeleted:":"true", "version":"1684669163589"}}
{"logTime": "0521/172205", "correlationVector":"abNzhUlKahX/LnzcCgDmLY.160","action":"GetUpdates", "result":"DeleteReceived", "context":{"id":"e417bcef-a8a5-4dd8-9602-c6374115db48", "isDeleted:":"true", "version":"1684671635495"}}
{"logTime": "0521/172205", "correlationVector":"abNzhUlKahX/LnzcCgDmLY.161","action":"GetUpdates", "result":"DeleteReceived", "context":{"id":"cf6f6474-71ec-4152-b8c7-93ee3855bca6", "isDeleted:":"true", "version":"1684679496618"}}
{"logTime": "0521/172205", "correlationVector":"abNzhUlKahX/LnzcCgDmLY.162","action":"GetUpdates", "result":"DeleteReceived", "context":{"id":"1447392c-32b9-497b-b151-211265dc6845", "isDeleted:":"true", "version":"1684681130880"}}
{"logTime": "0521/172205", "correlationVector":"abNzhUlKahX/LnzcCgDmLY.163","action":"GetUpdates", "result":"DeleteReceived", "context":{"id":"7e6134a0-494b-4870-9b14-251b42bd7df6", "isDeleted:":"true", "version":"1684681812373"}}
{"logTime": "0521/172205", "correlationVector":"abNzhUlKahX/LnzcCgDmLY.164","action":"GetUpdates Response", "result":"SYNCER_OK", "context":Received 212 update(s). cV=abNzhUlKahX/LnzcCgDmLY.0;server=GENERAL01000015;cloudType=Consumer;environment=Prod_SoutheastAsia_000j;migrationStage=NotStarted}
{"logTime": "0521/172205", "correlationVector":"FWQwG9D6g8jfRZXQYhcJj4","action":"Commit Request", "result":"", "context":Item count: 4
Contributing types: Sessions, User Consents}
{"logTime": "0521/172205", "correlationVector":"FWQwG9D6g8jfRZXQYhcJj4.1","action":"SyncServerConnectionManagerRequest", "result":"SYNC_SERVER_OK", "context":{"environment":"Prod_SoutheastAsia_000j", "migrationStage":"NotStarted", "server":"GENERAL0100001D"}}
{"logTime": "0521/172205", "correlationVector":"FWQwG9D6g8jfRZXQYhcJj4.3","action":"Commit.Sessions", "result":"Success", "context":{"id":"5f6f9dc0-7ba4-4c27-bf8f-cd43c16240ed", "isDeleted":"true", "size":"0", "version":"1684681958320"}}
{"logTime": "0521/172205", "correlationVector":"FWQwG9D6g8jfRZXQYhcJj4.2","action":"Commit Response", "result":"SYNCER_OK", "context":Result: SYNCER_OK. cV=FWQwG9D6g8jfRZXQYhcJj4.0;server=GENERAL0100001D;cloudType=Consumer;environment=Prod_SoutheastAsia_000j;migrationStage=NotStarted}
{"logTime": "0521/172205", "correlationVector":"aw9xF3Vsq0ak+6GSheN7Gj","action":"Initial GetUpdates", "result":"", "context":Reason: NEWLY_SUPPORTED_DATATYPE. cV=aw9xF3Vsq0ak+6GSheN7Gj}
{"logTime": "0521/172205", "correlationVector":"aw9xF3Vsq0ak+6GSheN7Gj.1","action":"SyncServerConnectionManagerRequest", "result":"SYNC_SERVER_OK", "context":{"environment":"Prod_SoutheastAsia_000j", "migrationStage":"NotStarted", "server":"GENERAL0100000H"}}
{"logTime": "0521/172205", "correlationVector":"aw9xF3Vsq0ak+6GSheN7Gj.2","action":"GetUpdates Response", "result":"SYNCER_OK", "context":Received 80 update(s). cV=aw9xF3Vsq0ak+6GSheN7Gj.0;server=GENERAL0100000H;cloudType=Consumer;environment=Prod_SoutheastAsia_000j;migrationStage=NotStarted}
{"logTime": "0521/172205", "correlationVector":"BjXpXpKP0YwVOIyVBaP9jl","action":"Normal GetUpdate request", "result":"", "context":cV=BjXpXpKP0YwVOIyVBaP9jl
Nudged types: Sessions
Refresh requested types: Bookmarks, Preferences, Passwords, Autofill Profiles, Autofill, Autofill Custom Data, Typed URLs, Extensions, Sessions, Extension settings, History Delete Directives, Device Info, User Consents, Send Tab To Self, Web Apps, Collection, Edge E Drop, Encryption Keys}
{"logTime": "0521/172205", "correlationVector":"BjXpXpKP0YwVOIyVBaP9jl.1","action":"SyncServerConnectionManagerRequest", "result":"SYNC_SERVER_OK", "context":{"environment":"Prod_SoutheastAsia_000j", "migrationStage":"NotStarted", "server":"GENERAL01000005"}}
{"logTime": "0521/172205", "correlationVector":"BjXpXpKP0YwVOIyVBaP9jl.2","action":"GetUpdates Response", "result":"SERVER_MORE_TO_DOWNLOAD", "context":Received 174 update(s).  Some updates remain.}
{"logTime": "0521/172205", "correlationVector":"sdvnF/9nUDgLotaDnMlBrW","action":"Normal GetUpdate request", "result":"", "context":cV=sdvnF/9nUDgLotaDnMlBrW
Nudged types: Sessions
Refresh requested types: Bookmarks, Preferences, Passwords, Autofill Profiles, Autofill, Autofill Custom Data, Typed URLs, Extensions, Sessions, Extension settings, History Delete Directives, Device Info, User Consents, Send Tab To Self, Web Apps, Collection, Edge E Drop, Encryption Keys}
{"logTime": "0521/172205", "correlationVector":"sdvnF/9nUDgLotaDnMlBrW.1","action":"SyncServerConnectionManagerRequest", "result":"SYNC_SERVER_OK", "context":{"environment":"Prod_SoutheastAsia_000j", "migrationStage":"NotStarted", "server":"general01000013"}}
{"logTime": "0521/172205", "correlationVector":"sdvnF/9nUDgLotaDnMlBrW.2","action":"GetUpdates Response", "result":"SERVER_MORE_TO_DOWNLOAD", "context":Received 247 update(s).  Some updates remain.}
{"logTime": "0521/172205", "correlationVector":"+W0QMiMJJdvjkYgJmXPTcW","action":"Normal GetUpdate request", "result":"", "context":cV=+W0QMiMJJdvjkYgJmXPTcW
Nudged types: Sessions
Refresh requested types: Bookmarks, Preferences, Passwords, Autofill Profiles, Autofill, Autofill Custom Data, Typed URLs, Extensions, Sessions, Extension settings, History Delete Directives, Device Info, User Consents, Send Tab To Self, Web Apps, Collection, Edge E Drop, Encryption Keys}
{"logTime": "0521/172205", "correlationVector":"+W0QMiMJJdvjkYgJmXPTcW.1","action":"SyncServerConnectionManagerRequest", "result":"SYNC_SERVER_OK", "context":{"environment":"Prod_SoutheastAsia_000j", "migrationStage":"NotStarted", "server":"general01000011"}}
{"logTime": "0521/172205", "correlationVector":"+W0QMiMJJdvjkYgJmXPTcW.2","action":"GetUpdates Response", "result":"SERVER_MORE_TO_DOWNLOAD", "context":Received 10 update(s).  Some updates remain.}
{"logTime": "0521/172205", "correlationVector":"lj5AiefON5m/P+RX0Ku7lB","action":"Normal GetUpdate request", "result":"", "context":cV=lj5AiefON5m/P+RX0Ku7lB
Nudged types: Sessions
Refresh requested types: Bookmarks, Preferences, Passwords, Autofill Profiles, Autofill, Autofill Custom Data, Typed URLs, Extensions, Sessions, Extension settings, History Delete Directives, Device Info, User Consents, Send Tab To Self, Web Apps, Collection, Edge E Drop, Encryption Keys}
{"logTime": "0521/172206", "correlationVector":"lj5AiefON5m/P+RX0Ku7lB.1","action":"SyncServerConnectionManagerRequest", "result":"SYNC_SERVER_OK", "context":{"environment":"Prod_SoutheastAsia_000j", "migrationStage":"NotStarted", "server":"general0100000I"}}
{"logTime": "0521/172206", "correlationVector":"lj5AiefON5m/P+RX0Ku7lB.2","action":"GetUpdates Response", "result":"SERVER_MORE_TO_DOWNLOAD", "context":Received 1 update(s).  Some updates remain.}
{"logTime": "0521/172206", "correlationVector":"LscWYViFrjK7XmN4X9jYgT","action":"Normal GetUpdate request", "result":"", "context":cV=LscWYViFrjK7XmN4X9jYgT
Nudged types: Sessions
Refresh requested types: Bookmarks, Preferences, Passwords, Autofill Profiles, Autofill, Autofill Custom Data, Typed URLs, Extensions, Sessions, Extension settings, History Delete Directives, Device Info, User Consents, Send Tab To Self, Web Apps, Collection, Edge E Drop, Encryption Keys}
{"logTime": "0521/172207", "correlationVector":"LscWYViFrjK7XmN4X9jYgT.1","action":"SyncServerConnectionManagerRequest", "result":"SYNC_SERVER_OK", "context":{"environment":"Prod_SoutheastAsia_000j", "migrationStage":"NotStarted", "server":"GENERAL01000010"}}
{"logTime": "0521/172207", "correlationVector":"LscWYViFrjK7XmN4X9jYgT.2","action":"GetUpdates", "result":"DeleteReceived", "context":{"id":"4ecd1275-044d-41da-8f62-0534d20ec02d", "isDeleted:":"true", "version":"1681569319412"}}
{"logTime": "0521/172207", "correlationVector":"LscWYViFrjK7XmN4X9jYgT.3","action":"GetUpdates", "result":"DeleteReceived", "context":{"id":"66654c1d-1fd9-4eb4-bca5-4285d2a2c0b9", "isDeleted:":"true", "version":"1684571677993"}}
{"logTime": "0521/172207", "correlationVector":"LscWYViFrjK7XmN4X9jYgT.4","action":"GetUpdates", "result":"DeleteReceived", "context":{"id":"636b7bb4-6c38-4350-9d7c-1efc5e4c544f", "isDeleted:":"true", "version":"1684571677994"}}
{"logTime": "0521/172207", "correlationVector":"LscWYViFrjK7XmN4X9jYgT.5","action":"GetUpdates", "result":"DeleteReceived", "context":{"id":"5800d172-e45c-4b1d-9144-945aa2081947", "isDeleted:":"true", "version":"1684571677995"}}
{"logTime": "0521/172207", "correlationVector":"LscWYViFrjK7XmN4X9jYgT.6","action":"GetUpdates", "result":"DeleteReceived", "context":{"id":"3cebd2bc-9f59-4007-b0e7-41a4257e0b4d", "isDeleted:":"true", "version":"1684571677996"}}
{"logTime": "0521/172207", "correlationVector":"LscWYViFrjK7XmN4X9jYgT.7","action":"GetUpdates", "result":"DeleteReceived", "context":{"id":"fefcce93-3c03-421f-8f00-7f8ac118390f", "isDeleted:":"true", "version":"1684571677997"}}
{"logTime": "0521/172207", "correlationVector":"LscWYViFrjK7XmN4X9jYgT.8","action":"GetUpdates", "result":"DeleteReceived", "context":{"id":"a21f89e4-6180-40df-9892-ec982002ecc1", "isDeleted:":"true", "version":"1684571677998"}}
{"logTime": "0521/172207", "correlationVector":"LscWYViFrjK7XmN4X9jYgT.9","action":"GetUpdates", "result":"DeleteReceived", "context":{"id":"debf854d-1aef-4356-8f0e-58193b18520c", "isDeleted:":"true", "version":"1684571677999"}}
{"logTime": "0521/172207", "correlationVector":"LscWYViFrjK7XmN4X9jYgT.10","action":"GetUpdates", "result":"DeleteReceived", "context":{"id":"3eafa2e0-c54e-4782-b38d-1a5d534838eb", "isDeleted:":"true", "version":"1684571678000"}}
{"logTime": "0521/172207", "correlationVector":"LscWYViFrjK7XmN4X9jYgT.11","action":"GetUpdates", "result":"DeleteReceived", "context":{"id":"fc95a629-a600-4b7a-85ba-3daefa3c8121", "isDeleted:":"true", "version":"1684571678001"}}
{"logTime": "0521/172207", "correlationVector":"LscWYViFrjK7XmN4X9jYgT.12","action":"GetUpdates", "result":"DeleteReceived", "context":{"id":"6066a94d-1b74-4faf-a42c-f07b446d392c", "isDeleted:":"true", "version":"1684571678002"}}
{"logTime": "0521/172207", "correlationVector":"LscWYViFrjK7XmN4X9jYgT.13","action":"GetUpdates", "result":"DeleteReceived", "context":{"id":"a0f586d8-1338-4498-9d4c-bb02477c5dfa", "isDeleted:":"true", "version":"1684571678003"}}
{"logTime": "0521/172207", "correlationVector":"LscWYViFrjK7XmN4X9jYgT.14","action":"GetUpdates", "result":"DeleteReceived", "context":{"id":"5f6f9dc0-7ba4-4c27-bf8f-cd43c16240ed", "isDeleted:":"true", "version":"1684689820126"}}
{"logTime": "0521/172207", "correlationVector":"LscWYViFrjK7XmN4X9jYgT.15","action":"GetUpdates Response", "result":"SYNCER_OK", "context":Received 18 update(s). cV=LscWYViFrjK7XmN4X9jYgT.0;server=GENERAL01000010;cloudType=Consumer;environment=Prod_SoutheastAsia_000j;migrationStage=NotStarted}
{"logTime": "0521/172207", "correlationVector":"2NcmZWX6UcKLX0+a2NOH9C","action":"Commit Request", "result":"", "context":Item count: 1
Contributing types: Sessions}
{"logTime": "0521/172207", "correlationVector":"2NcmZWX6UcKLX0+a2NOH9C.1","action":"SyncServerConnectionManagerRequest", "result":"SYNC_SERVER_OK", "context":{"environment":"Prod_SoutheastAsia_000j", "migrationStage":"NotStarted", "server":"general01000011"}}
{"logTime": "0521/172207", "correlationVector":"2NcmZWX6UcKLX0+a2NOH9C.2","action":"Commit Response", "result":"SYNCER_OK", "context":Result: SYNCER_OK. cV=2NcmZWX6UcKLX0+a2NOH9C.0;server=general01000011;cloudType=Consumer;environment=Prod_SoutheastAsia_000j;migrationStage=NotStarted}
{"logTime": "0521/172237", "correlationVector":"y9xXfpQv26htkxxbhD7jK/","action":"Normal GetUpdate request", "result":"", "context":cV=y9xXfpQv26htkxxbhD7jK/
Nudged types: Sessions}
{"logTime": "0521/172238", "correlationVector":"y9xXfpQv26htkxxbhD7jK/.1","action":"SyncServerConnectionManagerRequest", "result":"SYNC_SERVER_OK", "context":{"environment":"Prod_SoutheastAsia_000j", "migrationStage":"NotStarted", "server":"GENERAL01000002"}}
{"logTime": "0521/172238", "correlationVector":"y9xXfpQv26htkxxbhD7jK/.2","action":"GetUpdates Response", "result":"SYNCER_OK", "context":Received 1 update(s). cV=y9xXfpQv26htkxxbhD7jK/.0;server=GENERAL01000002;cloudType=Consumer;environment=Prod_SoutheastAsia_000j;migrationStage=NotStarted}
{"logTime": "0521/172453", "correlationVector":"/E71tl0ZnFV0WW9PKk4PjR","action":"Commit Request", "result":"", "context":Item count: 1
Contributing types: Sessions}
{"logTime": "0521/172453", "correlationVector":"/E71tl0ZnFV0WW9PKk4PjR.1","action":"SyncServerConnectionManagerRequest", "result":"SYNC_SERVER_OK", "context":{"environment":"Prod_SoutheastAsia_000j", "migrationStage":"NotStarted", "server":"GENERAL0100000D"}}
{"logTime": "0521/172453", "correlationVector":"/E71tl0ZnFV0WW9PKk4PjR.2","action":"Commit Response", "result":"SYNCER_OK", "context":Result: SYNCER_OK. cV=/E71tl0ZnFV0WW9PKk4PjR.0;server=GENERAL0100000D;cloudType=Consumer;environment=Prod_SoutheastAsia_000j;migrationStage=NotStarted}
{"logTime": "0521/172824", "correlationVector":"nZRHz8gsFkJFJzhIWT7War","action":"Commit Request", "result":"", "context":Item count: 1
Contributing types: Sessions}
{"logTime": "0521/172825", "correlationVector":"nZRHz8gsFkJFJzhIWT7War.1","action":"SyncServerConnectionManagerRequest", "result":"SYNC_SERVER_OK", "context":{"environment":"Prod_SoutheastAsia_000j", "migrationStage":"NotStarted", "server":"GENERAL0100000X"}}
{"logTime": "0521/172825", "correlationVector":"nZRHz8gsFkJFJzhIWT7War.2","action":"Commit Response", "result":"SYNCER_OK", "context":Result: SYNCER_OK. cV=nZRHz8gsFkJFJzhIWT7War.0;server=GENERAL0100000X;cloudType=Consumer;environment=Prod_SoutheastAsia_000j;migrationStage=NotStarted}
{"logTime": "0521/173100", "correlationVector":"oZiQMLgRJJ41DCMlK5Dlrn","action":"Commit Request", "result":"", "context":Item count: 1
Contributing types: Sessions}
{"logTime": "0521/173100", "correlationVector":"oZiQMLgRJJ41DCMlK5Dlrn.1","action":"SyncServerConnectionManagerRequest", "result":"SYNC_SERVER_OK", "context":{"environment":"Prod_SoutheastAsia_000j", "migrationStage":"NotStarted", "server":"general0100001F"}}
{"logTime": "0521/173100", "correlationVector":"oZiQMLgRJJ41DCMlK5Dlrn.2","action":"Commit Response", "result":"SYNCER_OK", "context":Result: SYNCER_OK. cV=oZiQMLgRJJ41DCMlK5Dlrn.0;server=general0100001F;cloudType=Consumer;environment=Prod_SoutheastAsia_000j;migrationStage=NotStarted}
